2015-10-20 11:09:20,532 [Worker-1] INFO  o.e.m.c.i.l.LifecycleMappingFactory - Using org.eclipse.m2e.jdt.JarLifecycleMapping lifecycle mapping for MavenProject: roth.lib.java:roth-lib-java-api-amazon:0.2.3-SNAPSHOT @ /Users/User/Workspaces/roth-lib-java-api/roth-lib-java-api-amazon/pom.xml.
2015-10-20 11:09:21,266 [Worker-1] INFO  o.e.m.c.i.embedder.EclipseLogger - Using 'UTF-8' encoding to copy filtered resources.
2015-10-20 11:09:21,271 [Worker-1] INFO  o.e.m.c.i.embedder.EclipseLogger - Copying 0 resource
2015-10-20 11:09:21,274 [Worker-1] INFO  o.e.m.c.i.embedder.EclipseLogger - Using 'UTF-8' encoding to copy filtered resources.
2015-10-20 11:09:21,274 [Worker-1] INFO  o.e.m.c.i.embedder.EclipseLogger - Copying 0 resource
2015-10-20 11:09:23,285 [Worker-14] INFO  o.e.m.c.i.l.LifecycleMappingFactory - Using org.eclipse.m2e.jdt.JarLifecycleMapping lifecycle mapping for MavenProject: roth.lib.java:roth-lib-java-api-amazon:0.2.3-SNAPSHOT @ /Users/User/Workspaces/roth-lib-java-api/roth-lib-java-api-amazon/pom.xml.
2015-10-20 11:09:23,372 [Worker-14] INFO  o.e.m.c.i.l.LifecycleMappingFactory - Using org.eclipse.m2e.jdt.JarLifecycleMapping lifecycle mapping for MavenProject: roth.lib.java:roth-lib-java-api-cloudflare:0.2.3-SNAPSHOT @ /Users/User/Workspaces/roth-lib-java-api/roth-lib-java-api-cloudflare/pom.xml.
2015-10-20 11:09:23,431 [Worker-14] INFO  o.e.m.c.i.l.LifecycleMappingFactory - Using org.eclipse.m2e.jdt.JarLifecycleMapping lifecycle mapping for MavenProject: roth.lib.java:roth-lib-java-api-digitalocean:0.2.3-SNAPSHOT @ /Users/User/Workspaces/roth-lib-java-api/roth-lib-java-api-digitalocean/pom.xml.
2015-10-20 11:09:23,473 [Worker-14] INFO  o.e.m.c.i.l.LifecycleMappingFactory - Using org.eclipse.m2e.jdt.JarLifecycleMapping lifecycle mapping for MavenProject: roth.lib.java:roth-lib-java-api-gandi:0.2.3-SNAPSHOT @ /Users/User/Workspaces/roth-lib-java-api/roth-lib-java-api-gandi/pom.xml.
2015-10-20 11:09:23,517 [Worker-14] INFO  o.e.m.c.i.l.LifecycleMappingFactory - Using org.eclipse.m2e.jdt.JarLifecycleMapping lifecycle mapping for MavenProject: roth.lib.java:roth-lib-java-api-google:0.2.3-SNAPSHOT @ /Users/User/Workspaces/roth-lib-java-api/roth-lib-java-api-google/pom.xml.
2015-10-20 11:09:23,562 [Worker-14] INFO  o.e.m.c.i.l.LifecycleMappingFactory - Using org.eclipse.m2e.jdt.JarLifecycleMapping lifecycle mapping for MavenProject: roth.lib.java:roth-lib-java-api-linode:0.2.3-SNAPSHOT @ /Users/User/Workspaces/roth-lib-java-api/roth-lib-java-api-linode/pom.xml.
2015-10-20 11:09:23,611 [Worker-14] INFO  o.e.m.c.i.l.LifecycleMappingFactory - Using org.eclipse.m2e.jdt.JarLifecycleMapping lifecycle mapping for MavenProject: roth.lib.java:roth-lib-java-api-namecheap:0.2.3-SNAPSHOT @ /Users/User/Workspaces/roth-lib-java-api/roth-lib-java-api-namecheap/pom.xml.
2015-10-20 11:09:23,661 [Worker-14] INFO  o.e.m.c.i.l.LifecycleMappingFactory - Using org.eclipse.m2e.jdt.JarLifecycleMapping lifecycle mapping for MavenProject: roth.lib.java:roth-lib-java-api-rackspace:0.2.3-SNAPSHOT @ /Users/User/Workspaces/roth-lib-java-api/roth-lib-java-api-rackspace/pom.xml.
2015-10-20 11:09:23,706 [Worker-14] INFO  o.e.m.c.i.l.LifecycleMappingFactory - Using org.eclipse.m2e.jdt.JarLifecycleMapping lifecycle mapping for MavenProject: roth.lib.java:roth-lib-java-api-twilio:0.2.3-SNAPSHOT @ /Users/User/Workspaces/roth-lib-java-api/roth-lib-java-api-twilio/pom.xml.
2015-10-20 11:09:23,756 [Worker-14] INFO  o.e.m.c.i.l.LifecycleMappingFactory - Using org.eclipse.m2e.jdt.JarLifecycleMapping lifecycle mapping for MavenProject: roth.lib.java:roth-lib-java-api-vultr:0.2.3-SNAPSHOT @ /Users/User/Workspaces/roth-lib-java-api/roth-lib-java-api-vultr/pom.xml.
2015-10-20 11:09:23,801 [Worker-1] INFO  o.e.m.c.i.l.LifecycleMappingFactory - Using org.eclipse.m2e.jdt.JarLifecycleMapping lifecycle mapping for MavenProject: roth.lib.java:roth-lib-java-api-cloudflare:0.2.3-SNAPSHOT @ /Users/User/Workspaces/roth-lib-java-api/roth-lib-java-api-cloudflare/pom.xml.
2015-10-20 11:09:24,665 [Worker-1] INFO  o.e.m.c.i.embedder.EclipseLogger - Using 'UTF-8' encoding to copy filtered resources.
2015-10-20 11:09:24,666 [Worker-1] INFO  o.e.m.c.i.embedder.EclipseLogger - Copying 0 resource
2015-10-20 11:09:24,669 [Worker-1] INFO  o.e.m.c.i.embedder.EclipseLogger - Using 'UTF-8' encoding to copy filtered resources.
2015-10-20 11:09:24,669 [Worker-1] INFO  o.e.m.c.i.embedder.EclipseLogger - Copying 0 resource
2015-10-20 11:09:25,188 [Worker-2] INFO  o.e.m.c.i.embedder.EclipseLogger - Using 'UTF-8' encoding to copy filtered resources.
2015-10-20 11:09:25,193 [Worker-2] INFO  o.e.m.c.i.embedder.EclipseLogger - Copying 0 resource
2015-10-20 11:09:25,194 [Worker-2] INFO  o.e.m.c.i.embedder.EclipseLogger - Using 'UTF-8' encoding to copy filtered resources.
2015-10-20 11:09:25,194 [Worker-2] INFO  o.e.m.c.i.embedder.EclipseLogger - Copying 0 resource
2015-10-20 11:09:25,667 [Worker-2] INFO  o.e.m.c.i.embedder.EclipseLogger - Using 'UTF-8' encoding to copy filtered resources.
2015-10-20 11:09:25,668 [Worker-2] INFO  o.e.m.c.i.embedder.EclipseLogger - Copying 0 resource
2015-10-20 11:09:25,669 [Worker-2] INFO  o.e.m.c.i.embedder.EclipseLogger - Using 'UTF-8' encoding to copy filtered resources.
2015-10-20 11:09:25,669 [Worker-2] INFO  o.e.m.c.i.embedder.EclipseLogger - Copying 0 resource
2015-10-20 11:09:25,946 [Worker-7] INFO  o.e.m.c.i.l.LifecycleMappingFactory - Using org.eclipse.m2e.jdt.JarLifecycleMapping lifecycle mapping for MavenProject: roth.lib.java:roth-lib-java-api-amazon:0.2.3-SNAPSHOT @ /Users/User/Workspaces/roth-lib-java-api/roth-lib-java-api-amazon/pom.xml.
2015-10-20 11:09:25,992 [Worker-2] INFO  o.e.m.c.i.l.LifecycleMappingFactory - Using org.eclipse.m2e.jdt.JarLifecycleMapping lifecycle mapping for MavenProject: roth.lib.java:roth-lib-java-api-digitalocean:0.2.3-SNAPSHOT @ /Users/User/Workspaces/roth-lib-java-api/roth-lib-java-api-digitalocean/pom.xml.
2015-10-20 11:09:26,410 [Worker-2] INFO  o.e.m.c.i.embedder.EclipseLogger - Using 'UTF-8' encoding to copy filtered resources.
2015-10-20 11:09:26,411 [Worker-2] INFO  o.e.m.c.i.embedder.EclipseLogger - Copying 0 resource
2015-10-20 11:09:26,413 [Worker-2] INFO  o.e.m.c.i.embedder.EclipseLogger - Using 'UTF-8' encoding to copy filtered resources.
2015-10-20 11:09:26,413 [Worker-2] INFO  o.e.m.c.i.embedder.EclipseLogger - Copying 0 resource
2015-10-20 11:09:26,470 [Worker-2] INFO  o.e.m.c.i.l.LifecycleMappingFactory - Using org.eclipse.m2e.jdt.JarLifecycleMapping lifecycle mapping for MavenProject: roth.lib.java:roth-lib-java-api-gandi:0.2.3-SNAPSHOT @ /Users/User/Workspaces/roth-lib-java-api/roth-lib-java-api-gandi/pom.xml.
2015-10-20 11:09:26,530 [Worker-2] INFO  o.e.m.c.i.embedder.EclipseLogger - Using 'UTF-8' encoding to copy filtered resources.
2015-10-20 11:09:26,531 [Worker-2] INFO  o.e.m.c.i.embedder.EclipseLogger - Copying 0 resource
2015-10-20 11:09:26,532 [Worker-2] INFO  o.e.m.c.i.embedder.EclipseLogger - Using 'UTF-8' encoding to copy filtered resources.
2015-10-20 11:09:26,533 [Worker-2] INFO  o.e.m.c.i.embedder.EclipseLogger - Copying 0 resource
2015-10-20 11:09:26,585 [Worker-2] INFO  o.e.m.c.i.l.LifecycleMappingFactory - Using org.eclipse.m2e.jdt.JarLifecycleMapping lifecycle mapping for MavenProject: roth.lib.java:roth-lib-java-api-google:0.2.3-SNAPSHOT @ /Users/User/Workspaces/roth-lib-java-api/roth-lib-java-api-google/pom.xml.
2015-10-20 11:09:26,641 [Worker-2] INFO  o.e.m.c.i.embedder.EclipseLogger - Using 'UTF-8' encoding to copy filtered resources.
2015-10-20 11:09:26,642 [Worker-2] INFO  o.e.m.c.i.embedder.EclipseLogger - Copying 0 resource
2015-10-20 11:09:26,643 [Worker-2] INFO  o.e.m.c.i.embedder.EclipseLogger - Using 'UTF-8' encoding to copy filtered resources.
2015-10-20 11:09:26,643 [Worker-2] INFO  o.e.m.c.i.embedder.EclipseLogger - Copying 0 resource
2015-10-20 11:09:27,097 [Worker-2] INFO  o.e.m.c.i.l.LifecycleMappingFactory - Using org.eclipse.m2e.jdt.JarLifecycleMapping lifecycle mapping for MavenProject: roth.lib.java:roth-lib-java-api-linode:0.2.3-SNAPSHOT @ /Users/User/Workspaces/roth-lib-java-api/roth-lib-java-api-linode/pom.xml.
2015-10-20 11:09:27,170 [Worker-2] INFO  o.e.m.c.i.embedder.EclipseLogger - Using 'UTF-8' encoding to copy filtered resources.
2015-10-20 11:09:27,170 [Worker-2] INFO  o.e.m.c.i.embedder.EclipseLogger - Copying 0 resource
2015-10-20 11:09:27,172 [Worker-2] INFO  o.e.m.c.i.embedder.EclipseLogger - Using 'UTF-8' encoding to copy filtered resources.
2015-10-20 11:09:27,172 [Worker-2] INFO  o.e.m.c.i.embedder.EclipseLogger - Copying 0 resource
2015-10-20 11:09:27,236 [Worker-2] INFO  o.e.m.c.i.l.LifecycleMappingFactory - Using org.eclipse.m2e.jdt.JarLifecycleMapping lifecycle mapping for MavenProject: roth.lib.java:roth-lib-java-api-namecheap:0.2.3-SNAPSHOT @ /Users/User/Workspaces/roth-lib-java-api/roth-lib-java-api-namecheap/pom.xml.
2015-10-20 11:09:27,287 [Worker-2] INFO  o.e.m.c.i.embedder.EclipseLogger - Using 'UTF-8' encoding to copy filtered resources.
2015-10-20 11:09:27,287 [Worker-2] INFO  o.e.m.c.i.embedder.EclipseLogger - Copying 0 resource
2015-10-20 11:09:27,288 [Worker-2] INFO  o.e.m.c.i.embedder.EclipseLogger - Using 'UTF-8' encoding to copy filtered resources.
2015-10-20 11:09:27,288 [Worker-2] INFO  o.e.m.c.i.embedder.EclipseLogger - Copying 0 resource
2015-10-20 11:09:27,452 [Worker-2] INFO  o.e.m.c.i.l.LifecycleMappingFactory - Using org.eclipse.m2e.jdt.JarLifecycleMapping lifecycle mapping for MavenProject: roth.lib.java:roth-lib-java-api-rackspace:0.2.3-SNAPSHOT @ /Users/User/Workspaces/roth-lib-java-api/roth-lib-java-api-rackspace/pom.xml.
2015-10-20 11:09:27,538 [Worker-2] INFO  o.e.m.c.i.embedder.EclipseLogger - Using 'UTF-8' encoding to copy filtered resources.
2015-10-20 11:09:27,538 [Worker-2] INFO  o.e.m.c.i.embedder.EclipseLogger - Copying 0 resource
2015-10-20 11:09:27,539 [Worker-2] INFO  o.e.m.c.i.embedder.EclipseLogger - Using 'UTF-8' encoding to copy filtered resources.
2015-10-20 11:09:27,539 [Worker-2] INFO  o.e.m.c.i.embedder.EclipseLogger - Copying 0 resource
2015-10-20 11:09:27,650 [Worker-2] INFO  o.e.m.c.i.l.LifecycleMappingFactory - Using org.eclipse.m2e.jdt.JarLifecycleMapping lifecycle mapping for MavenProject: roth.lib.java:roth-lib-java-api-twilio:0.2.3-SNAPSHOT @ /Users/User/Workspaces/roth-lib-java-api/roth-lib-java-api-twilio/pom.xml.
2015-10-20 11:09:27,703 [Worker-2] INFO  o.e.m.c.i.embedder.EclipseLogger - Using 'UTF-8' encoding to copy filtered resources.
2015-10-20 11:09:27,703 [Worker-2] INFO  o.e.m.c.i.embedder.EclipseLogger - Copying 0 resource
2015-10-20 11:09:27,704 [Worker-2] INFO  o.e.m.c.i.embedder.EclipseLogger - Using 'UTF-8' encoding to copy filtered resources.
2015-10-20 11:09:27,704 [Worker-2] INFO  o.e.m.c.i.embedder.EclipseLogger - Copying 0 resource
2015-10-20 11:09:27,793 [Worker-2] INFO  o.e.m.c.i.l.LifecycleMappingFactory - Using org.eclipse.m2e.jdt.JarLifecycleMapping lifecycle mapping for MavenProject: roth.lib.java:roth-lib-java-api-vultr:0.2.3-SNAPSHOT @ /Users/User/Workspaces/roth-lib-java-api/roth-lib-java-api-vultr/pom.xml.
2015-10-20 11:09:27,850 [Worker-2] INFO  o.e.m.c.i.embedder.EclipseLogger - Using 'UTF-8' encoding to copy filtered resources.
2015-10-20 11:09:27,850 [Worker-2] INFO  o.e.m.c.i.embedder.EclipseLogger - Copying 0 resource
2015-10-20 11:09:27,852 [Worker-2] INFO  o.e.m.c.i.embedder.EclipseLogger - Using 'UTF-8' encoding to copy filtered resources.
2015-10-20 11:09:27,852 [Worker-2] INFO  o.e.m.c.i.embedder.EclipseLogger - Copying 0 resource
2015-10-20 11:09:28,489 [Worker-9] INFO  o.e.m.c.i.l.LifecycleMappingFactory - Using org.eclipse.m2e.jdt.JarLifecycleMapping lifecycle mapping for MavenProject: roth.lib.java:roth-lib-java-api-amazon:0.2.3-SNAPSHOT @ /Users/User/Workspaces/roth-lib-java-api/roth-lib-java-api-amazon/pom.xml.
2015-10-20 11:09:28,530 [Worker-9] INFO  o.e.m.c.i.l.LifecycleMappingFactory - Using org.eclipse.m2e.jdt.JarLifecycleMapping lifecycle mapping for MavenProject: roth.lib.java:roth-lib-java-api-cloudflare:0.2.3-SNAPSHOT @ /Users/User/Workspaces/roth-lib-java-api/roth-lib-java-api-cloudflare/pom.xml.
2015-10-20 11:09:28,553 [Worker-9] INFO  o.e.m.c.i.l.LifecycleMappingFactory - Using org.eclipse.m2e.jdt.JarLifecycleMapping lifecycle mapping for MavenProject: roth.lib.java:roth-lib-java-api-digitalocean:0.2.3-SNAPSHOT @ /Users/User/Workspaces/roth-lib-java-api/roth-lib-java-api-digitalocean/pom.xml.
2015-10-20 11:09:28,576 [Worker-9] INFO  o.e.m.c.i.l.LifecycleMappingFactory - Using org.eclipse.m2e.jdt.JarLifecycleMapping lifecycle mapping for MavenProject: roth.lib.java:roth-lib-java-api-gandi:0.2.3-SNAPSHOT @ /Users/User/Workspaces/roth-lib-java-api/roth-lib-java-api-gandi/pom.xml.
2015-10-20 11:09:28,606 [Worker-9] INFO  o.e.m.c.i.l.LifecycleMappingFactory - Using org.eclipse.m2e.jdt.JarLifecycleMapping lifecycle mapping for MavenProject: roth.lib.java:roth-lib-java-api-google:0.2.3-SNAPSHOT @ /Users/User/Workspaces/roth-lib-java-api/roth-lib-java-api-google/pom.xml.
2015-10-20 11:09:28,638 [Worker-9] INFO  o.e.m.c.i.l.LifecycleMappingFactory - Using org.eclipse.m2e.jdt.JarLifecycleMapping lifecycle mapping for MavenProject: roth.lib.java:roth-lib-java-api-linode:0.2.3-SNAPSHOT @ /Users/User/Workspaces/roth-lib-java-api/roth-lib-java-api-linode/pom.xml.
2015-10-20 11:09:28,668 [Worker-9] INFO  o.e.m.c.i.l.LifecycleMappingFactory - Using org.eclipse.m2e.jdt.JarLifecycleMapping lifecycle mapping for MavenProject: roth.lib.java:roth-lib-java-api-namecheap:0.2.3-SNAPSHOT @ /Users/User/Workspaces/roth-lib-java-api/roth-lib-java-api-namecheap/pom.xml.
2015-10-20 11:09:28,700 [Worker-9] INFO  o.e.m.c.i.l.LifecycleMappingFactory - Using org.eclipse.m2e.jdt.JarLifecycleMapping lifecycle mapping for MavenProject: roth.lib.java:roth-lib-java-api-rackspace:0.2.3-SNAPSHOT @ /Users/User/Workspaces/roth-lib-java-api/roth-lib-java-api-rackspace/pom.xml.
2015-10-20 11:09:28,736 [Worker-9] INFO  o.e.m.c.i.l.LifecycleMappingFactory - Using org.eclipse.m2e.jdt.JarLifecycleMapping lifecycle mapping for MavenProject: roth.lib.java:roth-lib-java-api-twilio:0.2.3-SNAPSHOT @ /Users/User/Workspaces/roth-lib-java-api/roth-lib-java-api-twilio/pom.xml.
2015-10-20 11:09:28,769 [Worker-9] INFO  o.e.m.c.i.l.LifecycleMappingFactory - Using org.eclipse.m2e.jdt.JarLifecycleMapping lifecycle mapping for MavenProject: roth.lib.java:roth-lib-java-api-vultr:0.2.3-SNAPSHOT @ /Users/User/Workspaces/roth-lib-java-api/roth-lib-java-api-vultr/pom.xml.
2015-10-20 11:09:29,314 [Worker-16] INFO  o.e.m.c.i.embedder.EclipseLogger - Using 'UTF-8' encoding to copy filtered resources.
2015-10-20 11:09:29,316 [Worker-16] INFO  o.e.m.c.i.embedder.EclipseLogger - Copying 0 resource
2015-10-20 11:09:29,318 [Worker-16] INFO  o.e.m.c.i.embedder.EclipseLogger - Using 'UTF-8' encoding to copy filtered resources.
2015-10-20 11:09:29,318 [Worker-16] INFO  o.e.m.c.i.embedder.EclipseLogger - Copying 0 resource
2015-10-20 11:09:29,354 [Worker-16] INFO  o.e.m.c.i.embedder.EclipseLogger - Using 'UTF-8' encoding to copy filtered resources.
2015-10-20 11:09:29,355 [Worker-16] INFO  o.e.m.c.i.embedder.EclipseLogger - Copying 0 resource
2015-10-20 11:09:29,355 [Worker-16] INFO  o.e.m.c.i.embedder.EclipseLogger - Using 'UTF-8' encoding to copy filtered resources.
2015-10-20 11:09:29,356 [Worker-16] INFO  o.e.m.c.i.embedder.EclipseLogger - Copying 0 resource
2015-10-20 11:09:29,606 [Worker-16] INFO  o.e.m.c.i.embedder.EclipseLogger - Using 'UTF-8' encoding to copy filtered resources.
2015-10-20 11:09:29,606 [Worker-16] INFO  o.e.m.c.i.embedder.EclipseLogger - Copying 0 resource
2015-10-20 11:09:29,607 [Worker-16] INFO  o.e.m.c.i.embedder.EclipseLogger - Using 'UTF-8' encoding to copy filtered resources.
2015-10-20 11:09:29,607 [Worker-16] INFO  o.e.m.c.i.embedder.EclipseLogger - Copying 0 resource
2015-10-20 11:09:29,842 [Worker-16] INFO  o.e.m.c.i.embedder.EclipseLogger - Using 'UTF-8' encoding to copy filtered resources.
2015-10-20 11:09:29,842 [Worker-16] INFO  o.e.m.c.i.embedder.EclipseLogger - Copying 0 resource
2015-10-20 11:09:29,844 [Worker-16] INFO  o.e.m.c.i.embedder.EclipseLogger - Using 'UTF-8' encoding to copy filtered resources.
2015-10-20 11:09:29,844 [Worker-16] INFO  o.e.m.c.i.embedder.EclipseLogger - Copying 0 resource
2015-10-20 11:09:29,886 [Worker-16] INFO  o.e.m.c.i.embedder.EclipseLogger - Using 'UTF-8' encoding to copy filtered resources.
2015-10-20 11:09:29,887 [Worker-16] INFO  o.e.m.c.i.embedder.EclipseLogger - Copying 0 resource
2015-10-20 11:09:29,888 [Worker-16] INFO  o.e.m.c.i.embedder.EclipseLogger - Using 'UTF-8' encoding to copy filtered resources.
2015-10-20 11:09:29,888 [Worker-16] INFO  o.e.m.c.i.embedder.EclipseLogger - Copying 0 resource
2015-10-20 11:09:30,301 [Worker-16] INFO  o.e.m.c.i.embedder.EclipseLogger - Using 'UTF-8' encoding to copy filtered resources.
2015-10-20 11:09:30,302 [Worker-16] INFO  o.e.m.c.i.embedder.EclipseLogger - Copying 0 resource
2015-10-20 11:09:30,303 [Worker-16] INFO  o.e.m.c.i.embedder.EclipseLogger - Using 'UTF-8' encoding to copy filtered resources.
2015-10-20 11:09:30,303 [Worker-16] INFO  o.e.m.c.i.embedder.EclipseLogger - Copying 0 resource
2015-10-20 11:09:30,371 [Worker-16] INFO  o.e.m.c.i.embedder.EclipseLogger - Using 'UTF-8' encoding to copy filtered resources.
2015-10-20 11:09:30,371 [Worker-16] INFO  o.e.m.c.i.embedder.EclipseLogger - Copying 0 resource
2015-10-20 11:09:30,372 [Worker-16] INFO  o.e.m.c.i.embedder.EclipseLogger - Using 'UTF-8' encoding to copy filtered resources.
2015-10-20 11:09:30,372 [Worker-16] INFO  o.e.m.c.i.embedder.EclipseLogger - Copying 0 resource
2015-10-20 11:09:30,511 [Worker-16] INFO  o.e.m.c.i.embedder.EclipseLogger - Using 'UTF-8' encoding to copy filtered resources.
2015-10-20 11:09:30,512 [Worker-16] INFO  o.e.m.c.i.embedder.EclipseLogger - Copying 0 resource
2015-10-20 11:09:30,514 [Worker-16] INFO  o.e.m.c.i.embedder.EclipseLogger - Using 'UTF-8' encoding to copy filtered resources.
2015-10-20 11:09:30,515 [Worker-16] INFO  o.e.m.c.i.embedder.EclipseLogger - Copying 0 resource
2015-10-20 11:09:30,621 [Worker-16] INFO  o.e.m.c.i.embedder.EclipseLogger - Using 'UTF-8' encoding to copy filtered resources.
2015-10-20 11:09:30,621 [Worker-16] INFO  o.e.m.c.i.embedder.EclipseLogger - Copying 0 resource
2015-10-20 11:09:30,622 [Worker-16] INFO  o.e.m.c.i.embedder.EclipseLogger - Using 'UTF-8' encoding to copy filtered resources.
2015-10-20 11:09:30,623 [Worker-16] INFO  o.e.m.c.i.embedder.EclipseLogger - Copying 0 resource
2015-10-20 11:09:30,739 [Worker-16] INFO  o.e.m.c.i.embedder.EclipseLogger - Using 'UTF-8' encoding to copy filtered resources.
2015-10-20 11:09:30,739 [Worker-16] INFO  o.e.m.c.i.embedder.EclipseLogger - Copying 0 resource
2015-10-20 11:09:30,740 [Worker-16] INFO  o.e.m.c.i.embedder.EclipseLogger - Using 'UTF-8' encoding to copy filtered resources.
2015-10-20 11:09:30,740 [Worker-16] INFO  o.e.m.c.i.embedder.EclipseLogger - Copying 0 resource
2015-10-20 12:31:56,759 [Worker-43] INFO  o.e.m.c.i.l.LifecycleMappingFactory - Using NULL lifecycle mapping for MavenProject: roth.lib.java.api:roth-lib-java-api-pom:0.0.1-SNAPSHOT @ /Users/User/Workspaces/roth-lib-java-api/roth-lib-java-api-pom/pom.xml.
2015-10-20 12:35:55,378 [Worker-46] INFO  o.e.m.c.i.l.LifecycleMappingFactory - Using NULL lifecycle mapping for MavenProject: roth.lib.java.api:roth-lib-java-api-pom:0.2.3-SNAPSHOT @ /Users/User/Workspaces/roth-lib-java-api/roth-lib-java-api-pom/pom.xml.
2015-10-20 12:36:15,907 [Worker-43] INFO  o.e.m.c.i.l.LifecycleMappingFactory - Using NULL lifecycle mapping for MavenProject: roth.lib.java.api:roth-lib-java-api-pom:0.2.3-SNAPSHOT @ /Users/User/Workspaces/roth-lib-java-api/roth-lib-java-api-pom/pom.xml.
2015-10-20 12:39:10,266 [Worker-35] INFO  o.e.m.c.i.l.LifecycleMappingFactory - Using NULL lifecycle mapping for MavenProject: roth.lib.java.api:roth-lib-java-api-pom:0.2.3-SNAPSHOT @ /Users/User/Workspaces/roth-lib-java-api/roth-lib-java-api-pom/pom.xml.
2015-10-20 12:39:37,356 [Worker-47] INFO  o.e.m.c.i.l.LifecycleMappingFactory - Using NULL lifecycle mapping for MavenProject: roth.lib.java.api:roth-lib-java-api-pom:0.2.3-SNAPSHOT @ /Users/User/Workspaces/roth-lib-java-api/roth-lib-java-api-pom/pom.xml.
2015-10-20 12:40:17,477 [Worker-35] INFO  o.e.m.c.i.l.LifecycleMappingFactory - Using org.eclipse.m2e.jdt.JarLifecycleMapping lifecycle mapping for MavenProject: roth.lib.java.api:roth-lib-java-api-vultr:0.2.3-SNAPSHOT @ /Users/User/Workspaces/roth-lib-java-api/roth-lib-java-api-vultr/pom.xml.
2015-10-20 12:40:17,547 [Worker-35] INFO  o.e.m.c.i.embedder.EclipseLogger - Using 'UTF-8' encoding to copy filtered resources.
2015-10-20 12:40:17,547 [Worker-35] INFO  o.e.m.c.i.embedder.EclipseLogger - Copying 0 resource
2015-10-20 12:40:17,549 [Worker-35] INFO  o.e.m.c.i.embedder.EclipseLogger - Using 'UTF-8' encoding to copy filtered resources.
2015-10-20 12:40:17,549 [Worker-35] INFO  o.e.m.c.i.embedder.EclipseLogger - Copying 0 resource
2015-10-20 12:42:06,388 [Worker-35] INFO  o.e.m.c.i.l.LifecycleMappingFactory - Using org.eclipse.m2e.jdt.JarLifecycleMapping lifecycle mapping for MavenProject: roth.lib.java.api:roth-lib-java-api-amazon:0.2.3-SNAPSHOT @ /Users/User/Workspaces/roth-lib-java-api/roth-lib-java-api-amazon/pom.xml.
2015-10-20 12:42:06,445 [Worker-35] INFO  o.e.m.c.i.embedder.EclipseLogger - Using 'UTF-8' encoding to copy filtered resources.
2015-10-20 12:42:06,446 [Worker-35] INFO  o.e.m.c.i.embedder.EclipseLogger - Copying 0 resource
2015-10-20 12:42:06,447 [Worker-35] INFO  o.e.m.c.i.embedder.EclipseLogger - Using 'UTF-8' encoding to copy filtered resources.
2015-10-20 12:42:06,447 [Worker-35] INFO  o.e.m.c.i.embedder.EclipseLogger - Copying 0 resource
2015-10-20 12:42:22,941 [Worker-35] INFO  o.e.m.c.i.l.LifecycleMappingFactory - Using org.eclipse.m2e.jdt.JarLifecycleMapping lifecycle mapping for MavenProject: roth.lib.java.api:roth-lib-java-api-cloudflare:0.2.3-SNAPSHOT @ /Users/User/Workspaces/roth-lib-java-api/roth-lib-java-api-cloudflare/pom.xml.
2015-10-20 12:42:22,978 [Worker-35] INFO  o.e.m.c.i.embedder.EclipseLogger - Using 'UTF-8' encoding to copy filtered resources.
2015-10-20 12:42:22,978 [Worker-35] INFO  o.e.m.c.i.embedder.EclipseLogger - Copying 0 resource
2015-10-20 12:42:22,979 [Worker-35] INFO  o.e.m.c.i.embedder.EclipseLogger - Using 'UTF-8' encoding to copy filtered resources.
2015-10-20 12:42:22,979 [Worker-35] INFO  o.e.m.c.i.embedder.EclipseLogger - Copying 0 resource
2015-10-20 12:42:51,713 [Worker-49] INFO  o.e.m.c.i.l.LifecycleMappingFactory - Using org.eclipse.m2e.jdt.JarLifecycleMapping lifecycle mapping for MavenProject: roth.lib.java.api:roth-lib-java-api-digitalocean:0.2.3-SNAPSHOT @ /Users/User/Workspaces/roth-lib-java-api/roth-lib-java-api-digitalocean/pom.xml.
2015-10-20 12:42:51,755 [Worker-49] INFO  o.e.m.c.i.embedder.EclipseLogger - Using 'UTF-8' encoding to copy filtered resources.
2015-10-20 12:42:51,756 [Worker-49] INFO  o.e.m.c.i.embedder.EclipseLogger - Copying 0 resource
2015-10-20 12:42:51,756 [Worker-49] INFO  o.e.m.c.i.embedder.EclipseLogger - Using 'UTF-8' encoding to copy filtered resources.
2015-10-20 12:42:51,756 [Worker-49] INFO  o.e.m.c.i.embedder.EclipseLogger - Copying 0 resource
2015-10-20 12:43:10,059 [Worker-44] INFO  o.e.m.c.i.embedder.EclipseLogger - Using 'UTF-8' encoding to copy filtered resources.
2015-10-20 12:43:10,063 [Worker-44] INFO  o.e.m.c.i.embedder.EclipseLogger - Copying 0 resource
2015-10-20 12:43:10,064 [Worker-44] INFO  o.e.m.c.i.embedder.EclipseLogger - Using 'UTF-8' encoding to copy filtered resources.
2015-10-20 12:43:10,064 [Worker-44] INFO  o.e.m.c.i.embedder.EclipseLogger - Copying 0 resource
2015-10-20 12:43:34,212 [Worker-47] INFO  o.e.m.c.i.embedder.EclipseLogger - Using 'UTF-8' encoding to copy filtered resources.
2015-10-20 12:43:34,212 [Worker-47] INFO  o.e.m.c.i.embedder.EclipseLogger - Copying 0 resource
2015-10-20 12:43:34,213 [Worker-47] INFO  o.e.m.c.i.embedder.EclipseLogger - Using 'UTF-8' encoding to copy filtered resources.
2015-10-20 12:43:34,214 [Worker-47] INFO  o.e.m.c.i.embedder.EclipseLogger - Copying 0 resource
2015-10-20 12:43:37,738 [Worker-50] INFO  o.e.m.c.i.embedder.EclipseLogger - Using 'UTF-8' encoding to copy filtered resources.
2015-10-20 12:43:37,738 [Worker-50] INFO  o.e.m.c.i.embedder.EclipseLogger - Copying 0 resource
2015-10-20 12:43:37,738 [Worker-50] INFO  o.e.m.c.i.embedder.EclipseLogger - Using 'UTF-8' encoding to copy filtered resources.
2015-10-20 12:43:37,739 [Worker-50] INFO  o.e.m.c.i.embedder.EclipseLogger - Copying 0 resource
2015-10-20 12:43:54,033 [Worker-49] INFO  o.e.m.c.i.l.LifecycleMappingFactory - Using org.eclipse.m2e.jdt.JarLifecycleMapping lifecycle mapping for MavenProject: roth.lib.java.api:roth-lib-java-api-gandi:0.2.3-SNAPSHOT @ /Users/User/Workspaces/roth-lib-java-api/roth-lib-java-api-gandi/pom.xml.
2015-10-20 12:43:54,070 [Worker-49] INFO  o.e.m.c.i.embedder.EclipseLogger - Using 'UTF-8' encoding to copy filtered resources.
2015-10-20 12:43:54,071 [Worker-49] INFO  o.e.m.c.i.embedder.EclipseLogger - Copying 0 resource
2015-10-20 12:43:54,073 [Worker-49] INFO  o.e.m.c.i.embedder.EclipseLogger - Using 'UTF-8' encoding to copy filtered resources.
2015-10-20 12:43:54,073 [Worker-49] INFO  o.e.m.c.i.embedder.EclipseLogger - Copying 0 resource
2015-10-20 12:44:09,570 [Worker-48] INFO  o.e.m.c.i.l.LifecycleMappingFactory - Using org.eclipse.m2e.jdt.JarLifecycleMapping lifecycle mapping for MavenProject: roth.lib.java.api:roth-lib-java-api-google:0.2.3-SNAPSHOT @ /Users/User/Workspaces/roth-lib-java-api/roth-lib-java-api-google/pom.xml.
2015-10-20 12:44:09,607 [Worker-48] INFO  o.e.m.c.i.embedder.EclipseLogger - Using 'UTF-8' encoding to copy filtered resources.
2015-10-20 12:44:09,607 [Worker-48] INFO  o.e.m.c.i.embedder.EclipseLogger - Copying 0 resource
2015-10-20 12:44:09,607 [Worker-48] INFO  o.e.m.c.i.embedder.EclipseLogger - Using 'UTF-8' encoding to copy filtered resources.
2015-10-20 12:44:09,607 [Worker-48] INFO  o.e.m.c.i.embedder.EclipseLogger - Copying 0 resource
2015-10-20 12:44:22,015 [Worker-50] INFO  o.e.m.c.i.l.LifecycleMappingFactory - Using org.eclipse.m2e.jdt.JarLifecycleMapping lifecycle mapping for MavenProject: roth.lib.java.api:roth-lib-java-api-linode:0.2.3-SNAPSHOT @ /Users/User/Workspaces/roth-lib-java-api/roth-lib-java-api-linode/pom.xml.
2015-10-20 12:44:22,107 [Worker-50] INFO  o.e.m.c.i.embedder.EclipseLogger - Using 'UTF-8' encoding to copy filtered resources.
2015-10-20 12:44:22,107 [Worker-50] INFO  o.e.m.c.i.embedder.EclipseLogger - Copying 0 resource
2015-10-20 12:44:22,108 [Worker-50] INFO  o.e.m.c.i.embedder.EclipseLogger - Using 'UTF-8' encoding to copy filtered resources.
2015-10-20 12:44:22,108 [Worker-50] INFO  o.e.m.c.i.embedder.EclipseLogger - Copying 0 resource
2015-10-20 14:37:32,395 [Worker-84] INFO  o.e.m.c.i.l.LifecycleMappingFactory - Using org.eclipse.m2e.jdt.JarLifecycleMapping lifecycle mapping for MavenProject: roth.lib.java.api:roth-lib-java-api-namecheap:0.2.3-SNAPSHOT @ /Users/User/Workspaces/roth-lib-java-api/roth-lib-java-api-namecheap/pom.xml.
2015-10-20 14:37:32,482 [Worker-84] INFO  o.e.m.c.i.embedder.EclipseLogger - Using 'UTF-8' encoding to copy filtered resources.
2015-10-20 14:37:32,483 [Worker-84] INFO  o.e.m.c.i.embedder.EclipseLogger - Copying 0 resource
2015-10-20 14:37:32,483 [Worker-84] INFO  o.e.m.c.i.embedder.EclipseLogger - Using 'UTF-8' encoding to copy filtered resources.
2015-10-20 14:37:32,484 [Worker-84] INFO  o.e.m.c.i.embedder.EclipseLogger - Copying 0 resource
2015-10-20 14:37:45,996 [Worker-73] INFO  o.e.m.c.i.l.LifecycleMappingFactory - Using org.eclipse.m2e.jdt.JarLifecycleMapping lifecycle mapping for MavenProject: roth.lib.java.api:roth-lib-java-api-rackspace:0.2.3-SNAPSHOT @ /Users/User/Workspaces/roth-lib-java-api/roth-lib-java-api-rackspace/pom.xml.
2015-10-20 14:37:46,062 [Worker-73] INFO  o.e.m.c.i.embedder.EclipseLogger - Using 'UTF-8' encoding to copy filtered resources.
2015-10-20 14:37:46,063 [Worker-73] INFO  o.e.m.c.i.embedder.EclipseLogger - Copying 0 resource
2015-10-20 14:37:46,063 [Worker-73] INFO  o.e.m.c.i.embedder.EclipseLogger - Using 'UTF-8' encoding to copy filtered resources.
2015-10-20 14:37:46,064 [Worker-73] INFO  o.e.m.c.i.embedder.EclipseLogger - Copying 0 resource
2015-10-20 14:37:58,710 [Worker-82] INFO  o.e.m.c.i.embedder.EclipseLogger - Using 'UTF-8' encoding to copy filtered resources.
2015-10-20 14:37:58,710 [Worker-82] INFO  o.e.m.c.i.embedder.EclipseLogger - Copying 0 resource
2015-10-20 14:37:58,711 [Worker-82] INFO  o.e.m.c.i.embedder.EclipseLogger - Using 'UTF-8' encoding to copy filtered resources.
2015-10-20 14:37:58,711 [Worker-82] INFO  o.e.m.c.i.embedder.EclipseLogger - Copying 0 resource
2015-10-20 14:38:19,275 [Worker-35] INFO  o.e.m.c.i.embedder.EclipseLogger - Using 'UTF-8' encoding to copy filtered resources.
2015-10-20 14:38:19,276 [Worker-35] INFO  o.e.m.c.i.embedder.EclipseLogger - Copying 0 resource
2015-10-20 14:38:19,277 [Worker-35] INFO  o.e.m.c.i.embedder.EclipseLogger - Using 'UTF-8' encoding to copy filtered resources.
2015-10-20 14:38:19,278 [Worker-35] INFO  o.e.m.c.i.embedder.EclipseLogger - Copying 0 resource
2015-10-20 14:38:35,026 [Worker-85] INFO  o.e.m.c.i.l.LifecycleMappingFactory - Using org.eclipse.m2e.jdt.JarLifecycleMapping lifecycle mapping for MavenProject: roth.lib.java.api:roth-lib-java-api-twilio:0.2.3-SNAPSHOT @ /Users/User/Workspaces/roth-lib-java-api/roth-lib-java-api-twilio/pom.xml.
2015-10-20 14:38:35,091 [Worker-85] INFO  o.e.m.c.i.embedder.EclipseLogger - Using 'UTF-8' encoding to copy filtered resources.
2015-10-20 14:38:35,092 [Worker-85] INFO  o.e.m.c.i.embedder.EclipseLogger - Copying 0 resource
2015-10-20 14:38:35,093 [Worker-85] INFO  o.e.m.c.i.embedder.EclipseLogger - Using 'UTF-8' encoding to copy filtered resources.
2015-10-20 14:38:35,093 [Worker-85] INFO  o.e.m.c.i.embedder.EclipseLogger - Copying 0 resource
2015-10-20 14:38:54,142 [Worker-35] INFO  o.e.m.c.i.embedder.EclipseLogger - Using 'UTF-8' encoding to copy filtered resources.
2015-10-20 14:38:54,142 [Worker-35] INFO  o.e.m.c.i.embedder.EclipseLogger - Copying 0 resource
2015-10-20 14:38:54,143 [Worker-35] INFO  o.e.m.c.i.embedder.EclipseLogger - Using 'UTF-8' encoding to copy filtered resources.
2015-10-20 14:38:54,143 [Worker-35] INFO  o.e.m.c.i.embedder.EclipseLogger - Copying 0 resource
2015-10-20 14:38:56,571 [Worker-86] INFO  o.e.m.c.i.embedder.EclipseLogger - Using 'UTF-8' encoding to copy filtered resources.
2015-10-20 14:38:56,572 [Worker-86] INFO  o.e.m.c.i.embedder.EclipseLogger - Copying 0 resource
2015-10-20 14:38:56,573 [Worker-86] INFO  o.e.m.c.i.embedder.EclipseLogger - Using 'UTF-8' encoding to copy filtered resources.
2015-10-20 14:38:56,573 [Worker-86] INFO  o.e.m.c.i.embedder.EclipseLogger - Copying 0 resource
2015-10-20 14:39:11,883 [Worker-83] INFO  o.e.m.c.i.l.LifecycleMappingFactory - Using org.eclipse.m2e.jdt.JarLifecycleMapping lifecycle mapping for MavenProject: roth.lib.java.api:roth-lib-java-api-vultr:0.2.3-SNAPSHOT @ /Users/User/Workspaces/roth-lib-java-api/roth-lib-java-api-vultr/pom.xml.
2015-10-20 14:39:11,931 [Worker-83] INFO  o.e.m.c.i.embedder.EclipseLogger - Using 'UTF-8' encoding to copy filtered resources.
2015-10-20 14:39:11,931 [Worker-83] INFO  o.e.m.c.i.embedder.EclipseLogger - Copying 0 resource
2015-10-20 14:39:11,934 [Worker-83] INFO  o.e.m.c.i.embedder.EclipseLogger - Using 'UTF-8' encoding to copy filtered resources.
2015-10-20 14:39:11,936 [Worker-83] INFO  o.e.m.c.i.embedder.EclipseLogger - Copying 0 resource
2015-10-20 14:43:50,572 [Worker-82] INFO  o.e.m.c.i.embedder.EclipseLogger - Using 'UTF-8' encoding to copy filtered resources.
2015-10-20 14:43:50,572 [Worker-82] INFO  o.e.m.c.i.embedder.EclipseLogger - Copying 0 resource
2015-10-20 14:43:50,573 [Worker-82] INFO  o.e.m.c.i.embedder.EclipseLogger - Using 'UTF-8' encoding to copy filtered resources.
2015-10-20 14:43:50,573 [Worker-82] INFO  o.e.m.c.i.embedder.EclipseLogger - Copying 0 resource
2015-10-20 14:43:50,862 [Worker-82] INFO  o.e.m.c.i.embedder.EclipseLogger - Using 'UTF-8' encoding to copy filtered resources.
2015-10-20 14:43:50,862 [Worker-82] INFO  o.e.m.c.i.embedder.EclipseLogger - Copying 0 resource
2015-10-20 14:43:50,863 [Worker-82] INFO  o.e.m.c.i.embedder.EclipseLogger - Using 'UTF-8' encoding to copy filtered resources.
2015-10-20 14:43:50,863 [Worker-82] INFO  o.e.m.c.i.embedder.EclipseLogger - Copying 0 resource
2015-10-20 14:43:51,113 [Worker-82] INFO  o.e.m.c.i.embedder.EclipseLogger - Using 'UTF-8' encoding to copy filtered resources.
2015-10-20 14:43:51,114 [Worker-82] INFO  o.e.m.c.i.embedder.EclipseLogger - Copying 0 resource
2015-10-20 14:43:51,115 [Worker-82] INFO  o.e.m.c.i.embedder.EclipseLogger - Using 'UTF-8' encoding to copy filtered resources.
2015-10-20 14:43:51,115 [Worker-82] INFO  o.e.m.c.i.embedder.EclipseLogger - Copying 0 resource
2015-10-20 14:43:51,168 [Worker-82] INFO  o.e.m.c.i.embedder.EclipseLogger - Using 'UTF-8' encoding to copy filtered resources.
2015-10-20 14:43:51,168 [Worker-82] INFO  o.e.m.c.i.embedder.EclipseLogger - Copying 0 resource
2015-10-20 14:43:51,168 [Worker-82] INFO  o.e.m.c.i.embedder.EclipseLogger - Using 'UTF-8' encoding to copy filtered resources.
2015-10-20 14:43:51,169 [Worker-82] INFO  o.e.m.c.i.embedder.EclipseLogger - Copying 0 resource
2015-10-20 14:43:51,212 [Worker-82] INFO  o.e.m.c.i.embedder.EclipseLogger - Using 'UTF-8' encoding to copy filtered resources.
2015-10-20 14:43:51,212 [Worker-82] INFO  o.e.m.c.i.embedder.EclipseLogger - Copying 0 resource
2015-10-20 14:43:51,213 [Worker-82] INFO  o.e.m.c.i.embedder.EclipseLogger - Using 'UTF-8' encoding to copy filtered resources.
2015-10-20 14:43:51,213 [Worker-82] INFO  o.e.m.c.i.embedder.EclipseLogger - Copying 0 resource
2015-10-20 14:43:51,539 [Worker-82] INFO  o.e.m.c.i.embedder.EclipseLogger - Using 'UTF-8' encoding to copy filtered resources.
2015-10-20 14:43:51,540 [Worker-82] INFO  o.e.m.c.i.embedder.EclipseLogger - Copying 0 resource
2015-10-20 14:43:51,540 [Worker-82] INFO  o.e.m.c.i.embedder.EclipseLogger - Using 'UTF-8' encoding to copy filtered resources.
2015-10-20 14:43:51,541 [Worker-82] INFO  o.e.m.c.i.embedder.EclipseLogger - Copying 0 resource
2015-10-20 14:43:51,601 [Worker-82] INFO  o.e.m.c.i.embedder.EclipseLogger - Using 'UTF-8' encoding to copy filtered resources.
2015-10-20 14:43:51,602 [Worker-82] INFO  o.e.m.c.i.embedder.EclipseLogger - Copying 0 resource
2015-10-20 14:43:51,602 [Worker-82] INFO  o.e.m.c.i.embedder.EclipseLogger - Using 'UTF-8' encoding to copy filtered resources.
2015-10-20 14:43:51,603 [Worker-82] INFO  o.e.m.c.i.embedder.EclipseLogger - Copying 0 resource
2015-10-20 14:43:51,643 [Worker-82] INFO  o.e.m.c.i.embedder.EclipseLogger - Using 'UTF-8' encoding to copy filtered resources.
2015-10-20 14:43:51,643 [Worker-82] INFO  o.e.m.c.i.embedder.EclipseLogger - Copying 0 resource
2015-10-20 14:43:51,647 [Worker-82] INFO  o.e.m.c.i.embedder.EclipseLogger - Using 'UTF-8' encoding to copy filtered resources.
2015-10-20 14:43:51,647 [Worker-82] INFO  o.e.m.c.i.embedder.EclipseLogger - Copying 0 resource
2015-10-20 14:43:51,686 [Worker-82] INFO  o.e.m.c.i.embedder.EclipseLogger - Using 'UTF-8' encoding to copy filtered resources.
2015-10-20 14:43:51,686 [Worker-82] INFO  o.e.m.c.i.embedder.EclipseLogger - Copying 0 resource
2015-10-20 14:43:51,687 [Worker-82] INFO  o.e.m.c.i.embedder.EclipseLogger - Using 'UTF-8' encoding to copy filtered resources.
2015-10-20 14:43:51,687 [Worker-82] INFO  o.e.m.c.i.embedder.EclipseLogger - Copying 0 resource
2015-10-20 14:43:51,725 [Worker-82] INFO  o.e.m.c.i.embedder.EclipseLogger - Using 'UTF-8' encoding to copy filtered resources.
2015-10-20 14:43:51,725 [Worker-82] INFO  o.e.m.c.i.embedder.EclipseLogger - Copying 0 resource
2015-10-20 14:43:51,726 [Worker-82] INFO  o.e.m.c.i.embedder.EclipseLogger - Using 'UTF-8' encoding to copy filtered resources.
2015-10-20 14:43:51,726 [Worker-82] INFO  o.e.m.c.i.embedder.EclipseLogger - Copying 0 resource
2015-10-20 14:44:07,652 [Worker-83] INFO  o.e.m.c.i.embedder.EclipseLogger - Using 'UTF-8' encoding to copy filtered resources.
2015-10-20 14:44:07,652 [Worker-83] INFO  o.e.m.c.i.embedder.EclipseLogger - Copying 0 resource
2015-10-20 14:44:07,653 [Worker-83] INFO  o.e.m.c.i.embedder.EclipseLogger - Using 'UTF-8' encoding to copy filtered resources.
2015-10-20 14:44:07,653 [Worker-83] INFO  o.e.m.c.i.embedder.EclipseLogger - Copying 0 resource
2015-10-20 14:44:07,689 [Worker-83] INFO  o.e.m.c.i.embedder.EclipseLogger - Using 'UTF-8' encoding to copy filtered resources.
2015-10-20 14:44:07,690 [Worker-83] INFO  o.e.m.c.i.embedder.EclipseLogger - Copying 0 resource
2015-10-20 14:44:07,690 [Worker-83] INFO  o.e.m.c.i.embedder.EclipseLogger - Using 'UTF-8' encoding to copy filtered resources.
2015-10-20 14:44:07,690 [Worker-83] INFO  o.e.m.c.i.embedder.EclipseLogger - Copying 0 resource
2015-10-20 14:44:07,725 [Worker-83] INFO  o.e.m.c.i.embedder.EclipseLogger - Using 'UTF-8' encoding to copy filtered resources.
2015-10-20 14:44:07,726 [Worker-83] INFO  o.e.m.c.i.embedder.EclipseLogger - Copying 0 resource
2015-10-20 14:44:07,727 [Worker-83] INFO  o.e.m.c.i.embedder.EclipseLogger - Using 'UTF-8' encoding to copy filtered resources.
2015-10-20 14:44:07,727 [Worker-83] INFO  o.e.m.c.i.embedder.EclipseLogger - Copying 0 resource
2015-10-20 14:44:07,757 [Worker-83] INFO  o.e.m.c.i.embedder.EclipseLogger - Using 'UTF-8' encoding to copy filtered resources.
2015-10-20 14:44:07,757 [Worker-83] INFO  o.e.m.c.i.embedder.EclipseLogger - Copying 0 resource
2015-10-20 14:44:07,758 [Worker-83] INFO  o.e.m.c.i.embedder.EclipseLogger - Using 'UTF-8' encoding to copy filtered resources.
2015-10-20 14:44:07,758 [Worker-83] INFO  o.e.m.c.i.embedder.EclipseLogger - Copying 0 resource
2015-10-20 14:44:07,789 [Worker-83] INFO  o.e.m.c.i.embedder.EclipseLogger - Using 'UTF-8' encoding to copy filtered resources.
2015-10-20 14:44:07,789 [Worker-83] INFO  o.e.m.c.i.embedder.EclipseLogger - Copying 0 resource
2015-10-20 14:44:07,790 [Worker-83] INFO  o.e.m.c.i.embedder.EclipseLogger - Using 'UTF-8' encoding to copy filtered resources.
2015-10-20 14:44:07,790 [Worker-83] INFO  o.e.m.c.i.embedder.EclipseLogger - Copying 0 resource
2015-10-20 14:44:07,832 [Worker-83] INFO  o.e.m.c.i.embedder.EclipseLogger - Using 'UTF-8' encoding to copy filtered resources.
2015-10-20 14:44:07,832 [Worker-83] INFO  o.e.m.c.i.embedder.EclipseLogger - Copying 0 resource
2015-10-20 14:44:07,833 [Worker-83] INFO  o.e.m.c.i.embedder.EclipseLogger - Using 'UTF-8' encoding to copy filtered resources.
2015-10-20 14:44:07,833 [Worker-83] INFO  o.e.m.c.i.embedder.EclipseLogger - Copying 0 resource
2015-10-20 14:44:07,871 [Worker-83] INFO  o.e.m.c.i.embedder.EclipseLogger - Using 'UTF-8' encoding to copy filtered resources.
2015-10-20 14:44:07,871 [Worker-83] INFO  o.e.m.c.i.embedder.EclipseLogger - Copying 0 resource
2015-10-20 14:44:07,872 [Worker-83] INFO  o.e.m.c.i.embedder.EclipseLogger - Using 'UTF-8' encoding to copy filtered resources.
2015-10-20 14:44:07,872 [Worker-83] INFO  o.e.m.c.i.embedder.EclipseLogger - Copying 0 resource
2015-10-20 14:44:08,230 [Worker-83] INFO  o.e.m.c.i.embedder.EclipseLogger - Using 'UTF-8' encoding to copy filtered resources.
2015-10-20 14:44:08,231 [Worker-83] INFO  o.e.m.c.i.embedder.EclipseLogger - Copying 0 resource
2015-10-20 14:44:08,231 [Worker-83] INFO  o.e.m.c.i.embedder.EclipseLogger - Using 'UTF-8' encoding to copy filtered resources.
2015-10-20 14:44:08,232 [Worker-83] INFO  o.e.m.c.i.embedder.EclipseLogger - Copying 0 resource
2015-10-20 14:44:08,273 [Worker-83] INFO  o.e.m.c.i.embedder.EclipseLogger - Using 'UTF-8' encoding to copy filtered resources.
2015-10-20 14:44:08,274 [Worker-83] INFO  o.e.m.c.i.embedder.EclipseLogger - Copying 0 resource
2015-10-20 14:44:08,275 [Worker-83] INFO  o.e.m.c.i.embedder.EclipseLogger - Using 'UTF-8' encoding to copy filtered resources.
2015-10-20 14:44:08,275 [Worker-83] INFO  o.e.m.c.i.embedder.EclipseLogger - Copying 0 resource
2015-10-20 14:44:08,315 [Worker-83] INFO  o.e.m.c.i.embedder.EclipseLogger - Using 'UTF-8' encoding to copy filtered resources.
2015-10-20 14:44:08,315 [Worker-83] INFO  o.e.m.c.i.embedder.EclipseLogger - Copying 0 resource
2015-10-20 14:44:08,316 [Worker-83] INFO  o.e.m.c.i.embedder.EclipseLogger - Using 'UTF-8' encoding to copy filtered resources.
2015-10-20 14:44:08,316 [Worker-83] INFO  o.e.m.c.i.embedder.EclipseLogger - Copying 0 resource
2015-10-21 09:16:44,224 [Worker-17] INFO  o.e.m.c.i.embedder.EclipseLogger - Using 'UTF-8' encoding to copy filtered resources.
2015-10-21 09:16:44,234 [Worker-17] INFO  o.e.m.c.i.embedder.EclipseLogger - Copying 0 resource
2015-10-21 09:16:44,237 [Worker-17] INFO  o.e.m.c.i.embedder.EclipseLogger - Using 'UTF-8' encoding to copy filtered resources.
2015-10-21 09:16:44,237 [Worker-17] INFO  o.e.m.c.i.embedder.EclipseLogger - Copying 0 resource
2015-10-21 09:16:44,692 [Worker-17] INFO  o.e.m.c.i.embedder.EclipseLogger - Using 'UTF-8' encoding to copy filtered resources.
2015-10-21 09:16:44,693 [Worker-17] INFO  o.e.m.c.i.embedder.EclipseLogger - Copying 0 resource
2015-10-21 09:16:44,694 [Worker-17] INFO  o.e.m.c.i.embedder.EclipseLogger - Using 'UTF-8' encoding to copy filtered resources.
2015-10-21 09:16:44,695 [Worker-17] INFO  o.e.m.c.i.embedder.EclipseLogger - Copying 0 resource
2015-10-21 09:16:44,771 [Worker-17] INFO  o.e.m.c.i.embedder.EclipseLogger - Using 'UTF-8' encoding to copy filtered resources.
2015-10-21 09:16:44,772 [Worker-17] INFO  o.e.m.c.i.embedder.EclipseLogger - Copying 0 resource
2015-10-21 09:16:44,773 [Worker-17] INFO  o.e.m.c.i.embedder.EclipseLogger - Using 'UTF-8' encoding to copy filtered resources.
2015-10-21 09:16:44,773 [Worker-17] INFO  o.e.m.c.i.embedder.EclipseLogger - Copying 0 resource
2015-10-21 09:16:44,879 [Worker-17] INFO  o.e.m.c.i.embedder.EclipseLogger - Using 'UTF-8' encoding to copy filtered resources.
2015-10-21 09:16:44,879 [Worker-17] INFO  o.e.m.c.i.embedder.EclipseLogger - Copying 0 resource
2015-10-21 09:16:44,880 [Worker-17] INFO  o.e.m.c.i.embedder.EclipseLogger - Using 'UTF-8' encoding to copy filtered resources.
2015-10-21 09:16:44,881 [Worker-17] INFO  o.e.m.c.i.embedder.EclipseLogger - Copying 0 resource
2015-10-21 09:16:44,931 [Worker-17] INFO  o.e.m.c.i.embedder.EclipseLogger - Using 'UTF-8' encoding to copy filtered resources.
2015-10-21 09:16:44,932 [Worker-17] INFO  o.e.m.c.i.embedder.EclipseLogger - Copying 0 resource
2015-10-21 09:16:44,932 [Worker-17] INFO  o.e.m.c.i.embedder.EclipseLogger - Using 'UTF-8' encoding to copy filtered resources.
2015-10-21 09:16:44,933 [Worker-17] INFO  o.e.m.c.i.embedder.EclipseLogger - Copying 0 resource
2015-10-21 09:16:44,997 [Worker-17] INFO  o.e.m.c.i.embedder.EclipseLogger - Using 'UTF-8' encoding to copy filtered resources.
2015-10-21 09:16:44,997 [Worker-17] INFO  o.e.m.c.i.embedder.EclipseLogger - Copying 0 resource
2015-10-21 09:16:44,998 [Worker-17] INFO  o.e.m.c.i.embedder.EclipseLogger - Using 'UTF-8' encoding to copy filtered resources.
2015-10-21 09:16:44,999 [Worker-17] INFO  o.e.m.c.i.embedder.EclipseLogger - Copying 0 resource
2015-10-21 09:16:45,075 [Worker-17] INFO  o.e.m.c.i.embedder.EclipseLogger - Using 'UTF-8' encoding to copy filtered resources.
2015-10-21 09:16:45,075 [Worker-17] INFO  o.e.m.c.i.embedder.EclipseLogger - Copying 0 resource
2015-10-21 09:16:45,076 [Worker-17] INFO  o.e.m.c.i.embedder.EclipseLogger - Using 'UTF-8' encoding to copy filtered resources.
2015-10-21 09:16:45,076 [Worker-17] INFO  o.e.m.c.i.embedder.EclipseLogger - Copying 0 resource
2015-10-21 09:16:45,131 [Worker-17] INFO  o.e.m.c.i.embedder.EclipseLogger - Using 'UTF-8' encoding to copy filtered resources.
2015-10-21 09:16:45,131 [Worker-17] INFO  o.e.m.c.i.embedder.EclipseLogger - Copying 0 resource
2015-10-21 09:16:45,133 [Worker-17] INFO  o.e.m.c.i.embedder.EclipseLogger - Using 'UTF-8' encoding to copy filtered resources.
2015-10-21 09:16:45,133 [Worker-17] INFO  o.e.m.c.i.embedder.EclipseLogger - Copying 0 resource
2015-10-21 09:16:45,184 [Worker-17] INFO  o.e.m.c.i.embedder.EclipseLogger - Using 'UTF-8' encoding to copy filtered resources.
2015-10-21 09:16:45,184 [Worker-17] INFO  o.e.m.c.i.embedder.EclipseLogger - Copying 0 resource
2015-10-21 09:16:45,185 [Worker-17] INFO  o.e.m.c.i.embedder.EclipseLogger - Using 'UTF-8' encoding to copy filtered resources.
2015-10-21 09:16:45,185 [Worker-17] INFO  o.e.m.c.i.embedder.EclipseLogger - Copying 0 resource
2015-10-21 09:16:45,241 [Worker-17] INFO  o.e.m.c.i.embedder.EclipseLogger - Using 'UTF-8' encoding to copy filtered resources.
2015-10-21 09:16:45,242 [Worker-17] INFO  o.e.m.c.i.embedder.EclipseLogger - Copying 0 resource
2015-10-21 09:16:45,243 [Worker-17] INFO  o.e.m.c.i.embedder.EclipseLogger - Using 'UTF-8' encoding to copy filtered resources.
2015-10-21 09:16:45,243 [Worker-17] INFO  o.e.m.c.i.embedder.EclipseLogger - Copying 0 resource
2015-10-21 09:17:11,842 [Worker-17] INFO  o.e.m.c.i.l.LifecycleMappingFactory - Using org.eclipse.m2e.jdt.JarLifecycleMapping lifecycle mapping for MavenProject: roth.lib.java.api:roth-lib-java-api-digitalocean:0.2.4-SNAPSHOT @ /Users/User/Workspaces/roth-lib-java-api/roth-lib-java-api-digitalocean/pom.xml.
2015-10-21 09:17:11,848 [Worker-17] WARN  o.e.m.c.i.embedder.EclipseLogger - The POM for roth.lib.java:roth-lib-java-api:jar:0.2.4-SNAPSHOT is missing, no dependency information available
2015-10-21 09:17:11,919 [Worker-17] INFO  o.e.m.c.i.embedder.EclipseLogger - Using 'UTF-8' encoding to copy filtered resources.
2015-10-21 09:17:11,921 [Worker-17] INFO  o.e.m.c.i.embedder.EclipseLogger - Copying 0 resource
2015-10-21 09:17:11,922 [Worker-17] INFO  o.e.m.c.i.embedder.EclipseLogger - Using 'UTF-8' encoding to copy filtered resources.
2015-10-21 09:17:11,922 [Worker-17] INFO  o.e.m.c.i.embedder.EclipseLogger - Copying 0 resource
2015-10-21 09:17:13,090 [Worker-8] INFO  o.e.m.c.i.l.LifecycleMappingFactory - Using org.eclipse.m2e.jdt.JarLifecycleMapping lifecycle mapping for MavenProject: roth.lib.java.api:roth-lib-java-api-gandi:0.2.4-SNAPSHOT @ /Users/User/Workspaces/roth-lib-java-api/roth-lib-java-api-gandi/pom.xml.
2015-10-21 09:17:13,092 [Worker-8] WARN  o.e.m.c.i.embedder.EclipseLogger - The POM for roth.lib.java:roth-lib-java-api:jar:0.2.4-SNAPSHOT is missing, no dependency information available
2015-10-21 09:17:13,121 [Worker-8] INFO  o.e.m.c.i.embedder.EclipseLogger - Using 'UTF-8' encoding to copy filtered resources.
2015-10-21 09:17:13,121 [Worker-8] INFO  o.e.m.c.i.embedder.EclipseLogger - Copying 0 resource
2015-10-21 09:17:13,122 [Worker-8] INFO  o.e.m.c.i.embedder.EclipseLogger - Using 'UTF-8' encoding to copy filtered resources.
2015-10-21 09:17:13,122 [Worker-8] INFO  o.e.m.c.i.embedder.EclipseLogger - Copying 0 resource
2015-10-21 09:17:13,481 [Worker-8] INFO  o.e.m.c.i.l.LifecycleMappingFactory - Using NULL lifecycle mapping for MavenProject: roth.lib.java.api:roth-lib-java-api-pom:0.2.4-SNAPSHOT @ /Users/User/Workspaces/roth-lib-java-api/roth-lib-java-api-pom/pom.xml.
2015-10-21 09:17:13,483 [Worker-8] WARN  o.e.m.c.i.embedder.EclipseLogger - The POM for roth.lib.java:roth-lib-java-api:jar:0.2.4-SNAPSHOT is missing, no dependency information available
2015-10-21 09:17:13,745 [Worker-8] INFO  o.e.m.c.i.l.LifecycleMappingFactory - Using org.eclipse.m2e.jdt.JarLifecycleMapping lifecycle mapping for MavenProject: roth.lib.java.api:roth-lib-java-api-amazon:0.2.4-SNAPSHOT @ /Users/User/Workspaces/roth-lib-java-api/roth-lib-java-api-amazon/pom.xml.
2015-10-21 09:17:13,785 [Worker-8] INFO  o.e.m.c.i.l.LifecycleMappingFactory - Using org.eclipse.m2e.jdt.JarLifecycleMapping lifecycle mapping for MavenProject: roth.lib.java.api:roth-lib-java-api-cloudflare:0.2.4-SNAPSHOT @ /Users/User/Workspaces/roth-lib-java-api/roth-lib-java-api-cloudflare/pom.xml.
2015-10-21 09:17:13,823 [Worker-8] INFO  o.e.m.c.i.l.LifecycleMappingFactory - Using org.eclipse.m2e.jdt.JarLifecycleMapping lifecycle mapping for MavenProject: roth.lib.java.api:roth-lib-java-api-google:0.2.4-SNAPSHOT @ /Users/User/Workspaces/roth-lib-java-api/roth-lib-java-api-google/pom.xml.
2015-10-21 09:17:13,864 [Worker-8] INFO  o.e.m.c.i.l.LifecycleMappingFactory - Using org.eclipse.m2e.jdt.JarLifecycleMapping lifecycle mapping for MavenProject: roth.lib.java.api:roth-lib-java-api-linode:0.2.4-SNAPSHOT @ /Users/User/Workspaces/roth-lib-java-api/roth-lib-java-api-linode/pom.xml.
2015-10-21 09:17:13,901 [Worker-8] INFO  o.e.m.c.i.l.LifecycleMappingFactory - Using org.eclipse.m2e.jdt.JarLifecycleMapping lifecycle mapping for MavenProject: roth.lib.java.api:roth-lib-java-api-namecheap:0.2.4-SNAPSHOT @ /Users/User/Workspaces/roth-lib-java-api/roth-lib-java-api-namecheap/pom.xml.
2015-10-21 09:17:13,940 [Worker-8] INFO  o.e.m.c.i.l.LifecycleMappingFactory - Using org.eclipse.m2e.jdt.JarLifecycleMapping lifecycle mapping for MavenProject: roth.lib.java.api:roth-lib-java-api-rackspace:0.2.4-SNAPSHOT @ /Users/User/Workspaces/roth-lib-java-api/roth-lib-java-api-rackspace/pom.xml.
2015-10-21 09:17:13,976 [Worker-8] INFO  o.e.m.c.i.l.LifecycleMappingFactory - Using org.eclipse.m2e.jdt.JarLifecycleMapping lifecycle mapping for MavenProject: roth.lib.java.api:roth-lib-java-api-twilio:0.2.4-SNAPSHOT @ /Users/User/Workspaces/roth-lib-java-api/roth-lib-java-api-twilio/pom.xml.
2015-10-21 09:17:14,011 [Worker-8] INFO  o.e.m.c.i.l.LifecycleMappingFactory - Using org.eclipse.m2e.jdt.JarLifecycleMapping lifecycle mapping for MavenProject: roth.lib.java.api:roth-lib-java-api-vultr:0.2.4-SNAPSHOT @ /Users/User/Workspaces/roth-lib-java-api/roth-lib-java-api-vultr/pom.xml.
2015-10-21 09:17:14,043 [Worker-8] INFO  o.e.m.c.i.l.LifecycleMappingFactory - Using org.eclipse.m2e.jdt.JarLifecycleMapping lifecycle mapping for MavenProject: roth.lib.java.api:roth-lib-java-api-digitalocean:0.2.4-SNAPSHOT @ /Users/User/Workspaces/roth-lib-java-api/roth-lib-java-api-digitalocean/pom.xml.
2015-10-21 09:17:14,066 [Worker-8] INFO  o.e.m.c.i.l.LifecycleMappingFactory - Using org.eclipse.m2e.jdt.JarLifecycleMapping lifecycle mapping for MavenProject: roth.lib.java.api:roth-lib-java-api-gandi:0.2.4-SNAPSHOT @ /Users/User/Workspaces/roth-lib-java-api/roth-lib-java-api-gandi/pom.xml.
2015-10-21 09:17:14,463 [Worker-7] INFO  o.e.m.c.i.l.LifecycleMappingFactory - Using org.eclipse.m2e.jdt.JarLifecycleMapping lifecycle mapping for MavenProject: roth.lib.java.api:roth-lib-java-api-amazon:0.2.4-SNAPSHOT @ /Users/User/Workspaces/roth-lib-java-api/roth-lib-java-api-amazon/pom.xml.
2015-10-21 09:17:14,466 [Worker-7] WARN  o.e.m.c.i.embedder.EclipseLogger - The POM for roth.lib.java:roth-lib-java-api:jar:0.2.4-SNAPSHOT is missing, no dependency information available
2015-10-21 09:17:14,600 [Worker-7] INFO  o.e.m.c.i.embedder.EclipseLogger - Using 'UTF-8' encoding to copy filtered resources.
2015-10-21 09:17:14,602 [Worker-7] INFO  o.e.m.c.i.embedder.EclipseLogger - Copying 0 resource
2015-10-21 09:17:14,604 [Worker-7] INFO  o.e.m.c.i.embedder.EclipseLogger - Using 'UTF-8' encoding to copy filtered resources.
2015-10-21 09:17:14,604 [Worker-7] INFO  o.e.m.c.i.embedder.EclipseLogger - Copying 0 resource
2015-10-21 09:17:14,790 [Worker-3] WARN  o.e.m.c.i.embedder.EclipseLogger - The POM for roth.lib.java:roth-lib-java-api:jar:0.2.4-SNAPSHOT is missing, no dependency information available
2015-10-21 09:17:14,861 [Worker-7] INFO  o.e.m.c.i.l.LifecycleMappingFactory - Using org.eclipse.m2e.jdt.JarLifecycleMapping lifecycle mapping for MavenProject: roth.lib.java.api:roth-lib-java-api-cloudflare:0.2.4-SNAPSHOT @ /Users/User/Workspaces/roth-lib-java-api/roth-lib-java-api-cloudflare/pom.xml.
2015-10-21 09:17:14,863 [Worker-7] WARN  o.e.m.c.i.embedder.EclipseLogger - The POM for roth.lib.java:roth-lib-java-api:jar:0.2.4-SNAPSHOT is missing, no dependency information available
2015-10-21 09:17:14,881 [Worker-7] INFO  o.e.m.c.i.embedder.EclipseLogger - Using 'UTF-8' encoding to copy filtered resources.
2015-10-21 09:17:14,881 [Worker-7] INFO  o.e.m.c.i.embedder.EclipseLogger - Copying 0 resource
2015-10-21 09:17:14,882 [Worker-7] INFO  o.e.m.c.i.embedder.EclipseLogger - Using 'UTF-8' encoding to copy filtered resources.
2015-10-21 09:17:14,883 [Worker-7] INFO  o.e.m.c.i.embedder.EclipseLogger - Copying 0 resource
2015-10-21 09:17:14,910 [Worker-7] INFO  o.e.m.c.i.embedder.EclipseLogger - Using 'UTF-8' encoding to copy filtered resources.
2015-10-21 09:17:14,910 [Worker-7] INFO  o.e.m.c.i.embedder.EclipseLogger - Copying 0 resource
2015-10-21 09:17:14,911 [Worker-7] INFO  o.e.m.c.i.embedder.EclipseLogger - Using 'UTF-8' encoding to copy filtered resources.
2015-10-21 09:17:14,912 [Worker-7] INFO  o.e.m.c.i.embedder.EclipseLogger - Copying 0 resource
2015-10-21 09:17:14,923 [Worker-7] WARN  o.e.m.c.i.embedder.EclipseLogger - The POM for roth.lib.java:roth-lib-java-api:jar:0.2.4-SNAPSHOT is missing, no dependency information available
2015-10-21 09:17:14,928 [Worker-7] INFO  o.e.m.c.i.embedder.EclipseLogger - Using 'UTF-8' encoding to copy filtered resources.
2015-10-21 09:17:14,928 [Worker-7] INFO  o.e.m.c.i.embedder.EclipseLogger - Copying 0 resource
2015-10-21 09:17:14,930 [Worker-7] INFO  o.e.m.c.i.embedder.EclipseLogger - Using 'UTF-8' encoding to copy filtered resources.
2015-10-21 09:17:14,930 [Worker-7] INFO  o.e.m.c.i.embedder.EclipseLogger - Copying 0 resource
2015-10-21 09:17:14,972 [Worker-7] INFO  o.e.m.c.i.l.LifecycleMappingFactory - Using org.eclipse.m2e.jdt.JarLifecycleMapping lifecycle mapping for MavenProject: roth.lib.java.api:roth-lib-java-api-google:0.2.4-SNAPSHOT @ /Users/User/Workspaces/roth-lib-java-api/roth-lib-java-api-google/pom.xml.
2015-10-21 09:17:14,974 [Worker-7] WARN  o.e.m.c.i.embedder.EclipseLogger - The POM for roth.lib.java:roth-lib-java-api:jar:0.2.4-SNAPSHOT is missing, no dependency information available
2015-10-21 09:17:14,990 [Worker-7] INFO  o.e.m.c.i.embedder.EclipseLogger - Using 'UTF-8' encoding to copy filtered resources.
2015-10-21 09:17:14,991 [Worker-7] INFO  o.e.m.c.i.embedder.EclipseLogger - Copying 0 resource
2015-10-21 09:17:14,992 [Worker-7] INFO  o.e.m.c.i.embedder.EclipseLogger - Using 'UTF-8' encoding to copy filtered resources.
2015-10-21 09:17:14,992 [Worker-7] INFO  o.e.m.c.i.embedder.EclipseLogger - Copying 0 resource
2015-10-21 09:17:15,045 [Worker-7] INFO  o.e.m.c.i.l.LifecycleMappingFactory - Using org.eclipse.m2e.jdt.JarLifecycleMapping lifecycle mapping for MavenProject: roth.lib.java.api:roth-lib-java-api-linode:0.2.4-SNAPSHOT @ /Users/User/Workspaces/roth-lib-java-api/roth-lib-java-api-linode/pom.xml.
2015-10-21 09:17:15,047 [Worker-7] WARN  o.e.m.c.i.embedder.EclipseLogger - The POM for roth.lib.java:roth-lib-java-api:jar:0.2.4-SNAPSHOT is missing, no dependency information available
2015-10-21 09:17:15,066 [Worker-7] INFO  o.e.m.c.i.embedder.EclipseLogger - Using 'UTF-8' encoding to copy filtered resources.
2015-10-21 09:17:15,066 [Worker-7] INFO  o.e.m.c.i.embedder.EclipseLogger - Copying 0 resource
2015-10-21 09:17:15,067 [Worker-7] INFO  o.e.m.c.i.embedder.EclipseLogger - Using 'UTF-8' encoding to copy filtered resources.
2015-10-21 09:17:15,067 [Worker-7] INFO  o.e.m.c.i.embedder.EclipseLogger - Copying 0 resource
2015-10-21 09:17:15,159 [Worker-7] INFO  o.e.m.c.i.l.LifecycleMappingFactory - Using org.eclipse.m2e.jdt.JarLifecycleMapping lifecycle mapping for MavenProject: roth.lib.java.api:roth-lib-java-api-namecheap:0.2.4-SNAPSHOT @ /Users/User/Workspaces/roth-lib-java-api/roth-lib-java-api-namecheap/pom.xml.
2015-10-21 09:17:15,162 [Worker-7] WARN  o.e.m.c.i.embedder.EclipseLogger - The POM for roth.lib.java:roth-lib-java-api:jar:0.2.4-SNAPSHOT is missing, no dependency information available
2015-10-21 09:17:15,178 [Worker-7] INFO  o.e.m.c.i.embedder.EclipseLogger - Using 'UTF-8' encoding to copy filtered resources.
2015-10-21 09:17:15,179 [Worker-7] INFO  o.e.m.c.i.embedder.EclipseLogger - Copying 0 resource
2015-10-21 09:17:15,180 [Worker-7] INFO  o.e.m.c.i.embedder.EclipseLogger - Using 'UTF-8' encoding to copy filtered resources.
2015-10-21 09:17:15,180 [Worker-7] INFO  o.e.m.c.i.embedder.EclipseLogger - Copying 0 resource
2015-10-21 09:17:15,231 [Worker-7] INFO  o.e.m.c.i.l.LifecycleMappingFactory - Using org.eclipse.m2e.jdt.JarLifecycleMapping lifecycle mapping for MavenProject: roth.lib.java.api:roth-lib-java-api-rackspace:0.2.4-SNAPSHOT @ /Users/User/Workspaces/roth-lib-java-api/roth-lib-java-api-rackspace/pom.xml.
2015-10-21 09:17:15,233 [Worker-7] WARN  o.e.m.c.i.embedder.EclipseLogger - The POM for roth.lib.java:roth-lib-java-api:jar:0.2.4-SNAPSHOT is missing, no dependency information available
2015-10-21 09:17:15,250 [Worker-7] INFO  o.e.m.c.i.embedder.EclipseLogger - Using 'UTF-8' encoding to copy filtered resources.
2015-10-21 09:17:15,251 [Worker-7] INFO  o.e.m.c.i.embedder.EclipseLogger - Copying 0 resource
2015-10-21 09:17:15,253 [Worker-7] INFO  o.e.m.c.i.embedder.EclipseLogger - Using 'UTF-8' encoding to copy filtered resources.
2015-10-21 09:17:15,253 [Worker-7] INFO  o.e.m.c.i.embedder.EclipseLogger - Copying 0 resource
2015-10-21 09:17:15,302 [Worker-7] INFO  o.e.m.c.i.l.LifecycleMappingFactory - Using org.eclipse.m2e.jdt.JarLifecycleMapping lifecycle mapping for MavenProject: roth.lib.java.api:roth-lib-java-api-twilio:0.2.4-SNAPSHOT @ /Users/User/Workspaces/roth-lib-java-api/roth-lib-java-api-twilio/pom.xml.
2015-10-21 09:17:15,304 [Worker-7] WARN  o.e.m.c.i.embedder.EclipseLogger - The POM for roth.lib.java:roth-lib-java-api:jar:0.2.4-SNAPSHOT is missing, no dependency information available
2015-10-21 09:17:15,322 [Worker-7] INFO  o.e.m.c.i.embedder.EclipseLogger - Using 'UTF-8' encoding to copy filtered resources.
2015-10-21 09:17:15,322 [Worker-7] INFO  o.e.m.c.i.embedder.EclipseLogger - Copying 0 resource
2015-10-21 09:17:15,323 [Worker-7] INFO  o.e.m.c.i.embedder.EclipseLogger - Using 'UTF-8' encoding to copy filtered resources.
2015-10-21 09:17:15,323 [Worker-7] INFO  o.e.m.c.i.embedder.EclipseLogger - Copying 0 resource
2015-10-21 09:17:15,370 [Worker-7] INFO  o.e.m.c.i.l.LifecycleMappingFactory - Using org.eclipse.m2e.jdt.JarLifecycleMapping lifecycle mapping for MavenProject: roth.lib.java.api:roth-lib-java-api-vultr:0.2.4-SNAPSHOT @ /Users/User/Workspaces/roth-lib-java-api/roth-lib-java-api-vultr/pom.xml.
2015-10-21 09:17:15,373 [Worker-7] WARN  o.e.m.c.i.embedder.EclipseLogger - The POM for roth.lib.java:roth-lib-java-api:jar:0.2.4-SNAPSHOT is missing, no dependency information available
2015-10-21 09:17:15,389 [Worker-7] INFO  o.e.m.c.i.embedder.EclipseLogger - Using 'UTF-8' encoding to copy filtered resources.
2015-10-21 09:17:15,389 [Worker-7] INFO  o.e.m.c.i.embedder.EclipseLogger - Copying 0 resource
2015-10-21 09:17:15,390 [Worker-7] INFO  o.e.m.c.i.embedder.EclipseLogger - Using 'UTF-8' encoding to copy filtered resources.
2015-10-21 09:17:15,390 [Worker-7] INFO  o.e.m.c.i.embedder.EclipseLogger - Copying 0 resource
2015-10-21 09:40:30,500 [Worker-0] WARN  o.e.m.c.i.embedder.EclipseLogger - The POM for roth.lib.java:roth-lib-java-api:jar:0.2.4-SNAPSHOT is missing, no dependency information available
2015-10-21 09:40:30,548 [Worker-0] WARN  o.e.m.c.i.embedder.EclipseLogger - The POM for roth.lib.java:roth-lib-java-api:jar:0.2.4-SNAPSHOT is missing, no dependency information available
2015-10-21 09:40:32,883 [Worker-2] INFO  o.e.m.c.i.l.LifecycleMappingFactory - Using org.eclipse.m2e.jdt.JarLifecycleMapping lifecycle mapping for MavenProject: roth.lib.java.api:roth-lib-java-api-amazon:0.2.4-SNAPSHOT @ /Users/User/Workspaces/roth-lib-java-api/roth-lib-java-api-amazon/pom.xml.
2015-10-21 09:40:32,940 [Worker-2] WARN  o.e.m.c.i.embedder.EclipseLogger - The POM for roth.lib.java:roth-lib-java-api:jar:0.2.4-SNAPSHOT is missing, no dependency information available
2015-10-21 09:40:33,065 [Worker-2] INFO  o.e.m.c.i.l.LifecycleMappingFactory - Using org.eclipse.m2e.jdt.JarLifecycleMapping lifecycle mapping for MavenProject: roth.lib.java.api:roth-lib-java-api-cloudflare:0.2.4-SNAPSHOT @ /Users/User/Workspaces/roth-lib-java-api/roth-lib-java-api-cloudflare/pom.xml.
2015-10-21 09:40:33,212 [Worker-2] INFO  o.e.m.c.i.l.LifecycleMappingFactory - Using org.eclipse.m2e.jdt.JarLifecycleMapping lifecycle mapping for MavenProject: roth.lib.java.api:roth-lib-java-api-digitalocean:0.2.4-SNAPSHOT @ /Users/User/Workspaces/roth-lib-java-api/roth-lib-java-api-digitalocean/pom.xml.
2015-10-21 09:40:33,347 [Worker-2] INFO  o.e.m.c.i.l.LifecycleMappingFactory - Using org.eclipse.m2e.jdt.JarLifecycleMapping lifecycle mapping for MavenProject: roth.lib.java.api:roth-lib-java-api-gandi:0.2.4-SNAPSHOT @ /Users/User/Workspaces/roth-lib-java-api/roth-lib-java-api-gandi/pom.xml.
2015-10-21 09:40:33,443 [Worker-2] INFO  o.e.m.c.i.l.LifecycleMappingFactory - Using org.eclipse.m2e.jdt.JarLifecycleMapping lifecycle mapping for MavenProject: roth.lib.java.api:roth-lib-java-api-google:0.2.4-SNAPSHOT @ /Users/User/Workspaces/roth-lib-java-api/roth-lib-java-api-google/pom.xml.
2015-10-21 09:40:33,526 [Worker-2] INFO  o.e.m.c.i.l.LifecycleMappingFactory - Using org.eclipse.m2e.jdt.JarLifecycleMapping lifecycle mapping for MavenProject: roth.lib.java.api:roth-lib-java-api-linode:0.2.4-SNAPSHOT @ /Users/User/Workspaces/roth-lib-java-api/roth-lib-java-api-linode/pom.xml.
2015-10-21 09:40:33,615 [Worker-2] INFO  o.e.m.c.i.l.LifecycleMappingFactory - Using org.eclipse.m2e.jdt.JarLifecycleMapping lifecycle mapping for MavenProject: roth.lib.java.api:roth-lib-java-api-namecheap:0.2.4-SNAPSHOT @ /Users/User/Workspaces/roth-lib-java-api/roth-lib-java-api-namecheap/pom.xml.
2015-10-21 09:40:33,647 [Worker-2] INFO  o.e.m.c.i.l.LifecycleMappingFactory - Using NULL lifecycle mapping for MavenProject: roth.lib.java.api:roth-lib-java-api-pom:0.2.4-SNAPSHOT @ /Users/User/Workspaces/roth-lib-java-api/roth-lib-java-api-pom/pom.xml.
2015-10-21 09:40:33,719 [Worker-2] INFO  o.e.m.c.i.l.LifecycleMappingFactory - Using org.eclipse.m2e.jdt.JarLifecycleMapping lifecycle mapping for MavenProject: roth.lib.java.api:roth-lib-java-api-rackspace:0.2.4-SNAPSHOT @ /Users/User/Workspaces/roth-lib-java-api/roth-lib-java-api-rackspace/pom.xml.
2015-10-21 09:40:33,847 [Worker-2] INFO  o.e.m.c.i.l.LifecycleMappingFactory - Using org.eclipse.m2e.jdt.JarLifecycleMapping lifecycle mapping for MavenProject: roth.lib.java.api:roth-lib-java-api-twilio:0.2.4-SNAPSHOT @ /Users/User/Workspaces/roth-lib-java-api/roth-lib-java-api-twilio/pom.xml.
2015-10-21 09:40:33,956 [Worker-2] INFO  o.e.m.c.i.l.LifecycleMappingFactory - Using org.eclipse.m2e.jdt.JarLifecycleMapping lifecycle mapping for MavenProject: roth.lib.java.api:roth-lib-java-api-vultr:0.2.4-SNAPSHOT @ /Users/User/Workspaces/roth-lib-java-api/roth-lib-java-api-vultr/pom.xml.
2015-10-21 09:40:34,490 [Worker-14] WARN  o.e.m.c.i.embedder.EclipseLogger - The POM for roth.lib.java:roth-lib-java-api:jar:0.2.4-SNAPSHOT is missing, no dependency information available
2015-10-21 09:40:34,808 [Worker-14] INFO  o.e.m.c.i.embedder.EclipseLogger - Using 'UTF-8' encoding to copy filtered resources.
2015-10-21 09:40:34,815 [Worker-14] INFO  o.e.m.c.i.embedder.EclipseLogger - Copying 0 resource
2015-10-21 09:40:34,818 [Worker-14] INFO  o.e.m.c.i.embedder.EclipseLogger - Using 'UTF-8' encoding to copy filtered resources.
2015-10-21 09:40:34,819 [Worker-14] INFO  o.e.m.c.i.embedder.EclipseLogger - Copying 0 resource
2015-10-21 09:40:35,250 [Worker-14] WARN  o.e.m.c.i.embedder.EclipseLogger - The POM for roth.lib.java:roth-lib-java-api:jar:0.2.4-SNAPSHOT is missing, no dependency information available
2015-10-21 09:40:35,264 [Worker-14] INFO  o.e.m.c.i.embedder.EclipseLogger - Using 'UTF-8' encoding to copy filtered resources.
2015-10-21 09:40:35,265 [Worker-14] INFO  o.e.m.c.i.embedder.EclipseLogger - Copying 0 resource
2015-10-21 09:40:35,268 [Worker-14] INFO  o.e.m.c.i.embedder.EclipseLogger - Using 'UTF-8' encoding to copy filtered resources.
2015-10-21 09:40:35,268 [Worker-14] INFO  o.e.m.c.i.embedder.EclipseLogger - Copying 0 resource
2015-10-21 09:40:35,319 [Worker-14] WARN  o.e.m.c.i.embedder.EclipseLogger - The POM for roth.lib.java:roth-lib-java-api:jar:0.2.4-SNAPSHOT is missing, no dependency information available
2015-10-21 09:40:35,329 [Worker-14] INFO  o.e.m.c.i.embedder.EclipseLogger - Using 'UTF-8' encoding to copy filtered resources.
2015-10-21 09:40:35,331 [Worker-14] INFO  o.e.m.c.i.embedder.EclipseLogger - Copying 0 resource
2015-10-21 09:40:35,335 [Worker-14] INFO  o.e.m.c.i.embedder.EclipseLogger - Using 'UTF-8' encoding to copy filtered resources.
2015-10-21 09:40:35,336 [Worker-14] INFO  o.e.m.c.i.embedder.EclipseLogger - Copying 0 resource
2015-10-21 09:40:35,382 [Worker-14] WARN  o.e.m.c.i.embedder.EclipseLogger - The POM for roth.lib.java:roth-lib-java-api:jar:0.2.4-SNAPSHOT is missing, no dependency information available
2015-10-21 09:40:35,390 [Worker-14] INFO  o.e.m.c.i.embedder.EclipseLogger - Using 'UTF-8' encoding to copy filtered resources.
2015-10-21 09:40:35,391 [Worker-14] INFO  o.e.m.c.i.embedder.EclipseLogger - Copying 0 resource
2015-10-21 09:40:35,393 [Worker-14] INFO  o.e.m.c.i.embedder.EclipseLogger - Using 'UTF-8' encoding to copy filtered resources.
2015-10-21 09:40:35,393 [Worker-14] INFO  o.e.m.c.i.embedder.EclipseLogger - Copying 0 resource
2015-10-21 09:40:35,422 [Worker-14] WARN  o.e.m.c.i.embedder.EclipseLogger - The POM for roth.lib.java:roth-lib-java-api:jar:0.2.4-SNAPSHOT is missing, no dependency information available
2015-10-21 09:40:35,434 [Worker-14] INFO  o.e.m.c.i.embedder.EclipseLogger - Using 'UTF-8' encoding to copy filtered resources.
2015-10-21 09:40:35,435 [Worker-14] INFO  o.e.m.c.i.embedder.EclipseLogger - Copying 0 resource
2015-10-21 09:40:35,436 [Worker-14] INFO  o.e.m.c.i.embedder.EclipseLogger - Using 'UTF-8' encoding to copy filtered resources.
2015-10-21 09:40:35,437 [Worker-14] INFO  o.e.m.c.i.embedder.EclipseLogger - Copying 0 resource
2015-10-21 09:40:35,470 [Worker-14] WARN  o.e.m.c.i.embedder.EclipseLogger - The POM for roth.lib.java:roth-lib-java-api:jar:0.2.4-SNAPSHOT is missing, no dependency information available
2015-10-21 09:40:35,481 [Worker-14] INFO  o.e.m.c.i.embedder.EclipseLogger - Using 'UTF-8' encoding to copy filtered resources.
2015-10-21 09:40:35,482 [Worker-14] INFO  o.e.m.c.i.embedder.EclipseLogger - Copying 0 resource
2015-10-21 09:40:35,485 [Worker-14] INFO  o.e.m.c.i.embedder.EclipseLogger - Using 'UTF-8' encoding to copy filtered resources.
2015-10-21 09:40:35,485 [Worker-14] INFO  o.e.m.c.i.embedder.EclipseLogger - Copying 0 resource
2015-10-21 09:40:35,527 [Worker-14] WARN  o.e.m.c.i.embedder.EclipseLogger - The POM for roth.lib.java:roth-lib-java-api:jar:0.2.4-SNAPSHOT is missing, no dependency information available
2015-10-21 09:40:35,536 [Worker-14] INFO  o.e.m.c.i.embedder.EclipseLogger - Using 'UTF-8' encoding to copy filtered resources.
2015-10-21 09:40:35,537 [Worker-14] INFO  o.e.m.c.i.embedder.EclipseLogger - Copying 0 resource
2015-10-21 09:40:35,539 [Worker-14] INFO  o.e.m.c.i.embedder.EclipseLogger - Using 'UTF-8' encoding to copy filtered resources.
2015-10-21 09:40:35,540 [Worker-14] INFO  o.e.m.c.i.embedder.EclipseLogger - Copying 0 resource
2015-10-21 09:40:35,568 [Worker-14] WARN  o.e.m.c.i.embedder.EclipseLogger - The POM for roth.lib.java:roth-lib-java-api:jar:0.2.4-SNAPSHOT is missing, no dependency information available
2015-10-21 09:40:35,575 [Worker-14] INFO  o.e.m.c.i.embedder.EclipseLogger - Using 'UTF-8' encoding to copy filtered resources.
2015-10-21 09:40:35,575 [Worker-14] INFO  o.e.m.c.i.embedder.EclipseLogger - Copying 0 resource
2015-10-21 09:40:35,580 [Worker-14] INFO  o.e.m.c.i.embedder.EclipseLogger - Using 'UTF-8' encoding to copy filtered resources.
2015-10-21 09:40:35,581 [Worker-14] INFO  o.e.m.c.i.embedder.EclipseLogger - Copying 0 resource
2015-10-21 09:40:35,611 [Worker-14] WARN  o.e.m.c.i.embedder.EclipseLogger - The POM for roth.lib.java:roth-lib-java-api:jar:0.2.4-SNAPSHOT is missing, no dependency information available
2015-10-21 09:40:35,625 [Worker-14] INFO  o.e.m.c.i.embedder.EclipseLogger - Using 'UTF-8' encoding to copy filtered resources.
2015-10-21 09:40:35,625 [Worker-14] INFO  o.e.m.c.i.embedder.EclipseLogger - Copying 0 resource
2015-10-21 09:40:35,627 [Worker-14] INFO  o.e.m.c.i.embedder.EclipseLogger - Using 'UTF-8' encoding to copy filtered resources.
2015-10-21 09:40:35,627 [Worker-14] INFO  o.e.m.c.i.embedder.EclipseLogger - Copying 0 resource
2015-10-21 09:40:35,666 [Worker-14] WARN  o.e.m.c.i.embedder.EclipseLogger - The POM for roth.lib.java:roth-lib-java-api:jar:0.2.4-SNAPSHOT is missing, no dependency information available
2015-10-21 09:40:35,673 [Worker-14] INFO  o.e.m.c.i.embedder.EclipseLogger - Using 'UTF-8' encoding to copy filtered resources.
2015-10-21 09:40:35,673 [Worker-14] INFO  o.e.m.c.i.embedder.EclipseLogger - Copying 0 resource
2015-10-21 09:40:35,676 [Worker-14] INFO  o.e.m.c.i.embedder.EclipseLogger - Using 'UTF-8' encoding to copy filtered resources.
2015-10-21 09:40:35,681 [Worker-14] INFO  o.e.m.c.i.embedder.EclipseLogger - Copying 0 resource
2015-10-21 14:49:16,081 [Worker-136] INFO  o.e.m.c.i.p.ProjectConfigurationManager - Update started
2015-10-21 14:49:16,717 [Worker-136] INFO  o.e.m.c.i.l.LifecycleMappingFactory - Using org.eclipse.m2e.jdt.JarLifecycleMapping lifecycle mapping for MavenProject: roth.lib.java.api:roth-lib-java-api-amazon:0.2.4-SNAPSHOT @ /Users/User/Workspaces/roth-lib-java-api/roth-lib-java-api-amazon/pom.xml.
2015-10-21 14:49:16,757 [Worker-136] INFO  o.e.m.c.i.l.LifecycleMappingFactory - Using org.eclipse.m2e.jdt.JarLifecycleMapping lifecycle mapping for MavenProject: roth.lib.java.api:roth-lib-java-api-cloudflare:0.2.4-SNAPSHOT @ /Users/User/Workspaces/roth-lib-java-api/roth-lib-java-api-cloudflare/pom.xml.
2015-10-21 14:49:16,780 [Worker-136] INFO  o.e.m.c.i.l.LifecycleMappingFactory - Using org.eclipse.m2e.jdt.JarLifecycleMapping lifecycle mapping for MavenProject: roth.lib.java.api:roth-lib-java-api-digitalocean:0.2.4-SNAPSHOT @ /Users/User/Workspaces/roth-lib-java-api/roth-lib-java-api-digitalocean/pom.xml.
2015-10-21 14:49:16,804 [Worker-136] INFO  o.e.m.c.i.l.LifecycleMappingFactory - Using org.eclipse.m2e.jdt.JarLifecycleMapping lifecycle mapping for MavenProject: roth.lib.java.api:roth-lib-java-api-gandi:0.2.4-SNAPSHOT @ /Users/User/Workspaces/roth-lib-java-api/roth-lib-java-api-gandi/pom.xml.
2015-10-21 14:49:16,829 [Worker-136] INFO  o.e.m.c.i.l.LifecycleMappingFactory - Using org.eclipse.m2e.jdt.JarLifecycleMapping lifecycle mapping for MavenProject: roth.lib.java.api:roth-lib-java-api-google:0.2.4-SNAPSHOT @ /Users/User/Workspaces/roth-lib-java-api/roth-lib-java-api-google/pom.xml.
2015-10-21 14:49:16,853 [Worker-136] INFO  o.e.m.c.i.l.LifecycleMappingFactory - Using org.eclipse.m2e.jdt.JarLifecycleMapping lifecycle mapping for MavenProject: roth.lib.java.api:roth-lib-java-api-linode:0.2.4-SNAPSHOT @ /Users/User/Workspaces/roth-lib-java-api/roth-lib-java-api-linode/pom.xml.
2015-10-21 14:49:16,876 [Worker-136] INFO  o.e.m.c.i.l.LifecycleMappingFactory - Using org.eclipse.m2e.jdt.JarLifecycleMapping lifecycle mapping for MavenProject: roth.lib.java.api:roth-lib-java-api-namecheap:0.2.4-SNAPSHOT @ /Users/User/Workspaces/roth-lib-java-api/roth-lib-java-api-namecheap/pom.xml.
2015-10-21 14:49:16,881 [Worker-136] INFO  o.e.m.c.i.l.LifecycleMappingFactory - Using NULL lifecycle mapping for MavenProject: roth.lib.java.api:roth-lib-java-api-pom:0.2.4-SNAPSHOT @ /Users/User/Workspaces/roth-lib-java-api/roth-lib-java-api-pom/pom.xml.
2015-10-21 14:49:16,903 [Worker-136] INFO  o.e.m.c.i.l.LifecycleMappingFactory - Using org.eclipse.m2e.jdt.JarLifecycleMapping lifecycle mapping for MavenProject: roth.lib.java.api:roth-lib-java-api-rackspace:0.2.4-SNAPSHOT @ /Users/User/Workspaces/roth-lib-java-api/roth-lib-java-api-rackspace/pom.xml.
2015-10-21 14:49:16,922 [Worker-136] INFO  o.e.m.c.i.l.LifecycleMappingFactory - Using org.eclipse.m2e.jdt.JarLifecycleMapping lifecycle mapping for MavenProject: roth.lib.java.api:roth-lib-java-api-twilio:0.2.4-SNAPSHOT @ /Users/User/Workspaces/roth-lib-java-api/roth-lib-java-api-twilio/pom.xml.
2015-10-21 14:49:16,944 [Worker-136] INFO  o.e.m.c.i.l.LifecycleMappingFactory - Using org.eclipse.m2e.jdt.JarLifecycleMapping lifecycle mapping for MavenProject: roth.lib.java.api:roth-lib-java-api-vultr:0.2.4-SNAPSHOT @ /Users/User/Workspaces/roth-lib-java-api/roth-lib-java-api-vultr/pom.xml.
2015-10-21 14:49:17,122 [Worker-136] INFO  o.e.m.j.i.AbstractJavaProjectConfigurator - Adding source folder /roth-lib-java-api-amazon/src/main/java
2015-10-21 14:49:17,123 [Worker-136] INFO  o.e.m.j.i.AbstractJavaProjectConfigurator - Adding resource folder /roth-lib-java-api-amazon/src/main/resources
2015-10-21 14:49:17,123 [Worker-136] INFO  o.e.m.j.i.AbstractJavaProjectConfigurator - Adding source folder /roth-lib-java-api-amazon/src/test/java
2015-10-21 14:49:17,123 [Worker-136] INFO  o.e.m.j.i.AbstractJavaProjectConfigurator - Adding resource folder /roth-lib-java-api-amazon/src/test/resources
2015-10-21 14:49:17,178 [Worker-136] INFO  o.e.m.j.i.AbstractJavaProjectConfigurator - Adding source folder /roth-lib-java-api-cloudflare/src/main/java
2015-10-21 14:49:17,179 [Worker-136] INFO  o.e.m.j.i.AbstractJavaProjectConfigurator - Adding resource folder /roth-lib-java-api-cloudflare/src/main/resources
2015-10-21 14:49:17,179 [Worker-136] INFO  o.e.m.j.i.AbstractJavaProjectConfigurator - Adding source folder /roth-lib-java-api-cloudflare/src/test/java
2015-10-21 14:49:17,179 [Worker-136] INFO  o.e.m.j.i.AbstractJavaProjectConfigurator - Adding resource folder /roth-lib-java-api-cloudflare/src/test/resources
2015-10-21 14:49:17,218 [Worker-136] INFO  o.e.m.j.i.AbstractJavaProjectConfigurator - Adding source folder /roth-lib-java-api-digitalocean/src/main/java
2015-10-21 14:49:17,218 [Worker-136] INFO  o.e.m.j.i.AbstractJavaProjectConfigurator - Adding resource folder /roth-lib-java-api-digitalocean/src/main/resources
2015-10-21 14:49:17,219 [Worker-136] INFO  o.e.m.j.i.AbstractJavaProjectConfigurator - Adding source folder /roth-lib-java-api-digitalocean/src/test/java
2015-10-21 14:49:17,219 [Worker-136] INFO  o.e.m.j.i.AbstractJavaProjectConfigurator - Adding resource folder /roth-lib-java-api-digitalocean/src/test/resources
2015-10-21 14:49:17,242 [Worker-136] INFO  o.e.m.j.i.AbstractJavaProjectConfigurator - Adding source folder /roth-lib-java-api-gandi/src/main/java
2015-10-21 14:49:17,242 [Worker-136] INFO  o.e.m.j.i.AbstractJavaProjectConfigurator - Adding resource folder /roth-lib-java-api-gandi/src/main/resources
2015-10-21 14:49:17,242 [Worker-136] INFO  o.e.m.j.i.AbstractJavaProjectConfigurator - Adding source folder /roth-lib-java-api-gandi/src/test/java
2015-10-21 14:49:17,243 [Worker-136] INFO  o.e.m.j.i.AbstractJavaProjectConfigurator - Adding resource folder /roth-lib-java-api-gandi/src/test/resources
2015-10-21 14:49:17,265 [Worker-136] INFO  o.e.m.j.i.AbstractJavaProjectConfigurator - Adding source folder /roth-lib-java-api-google/src/main/java
2015-10-21 14:49:17,266 [Worker-136] INFO  o.e.m.j.i.AbstractJavaProjectConfigurator - Adding resource folder /roth-lib-java-api-google/src/main/resources
2015-10-21 14:49:17,266 [Worker-136] INFO  o.e.m.j.i.AbstractJavaProjectConfigurator - Adding source folder /roth-lib-java-api-google/src/test/java
2015-10-21 14:49:17,266 [Worker-136] INFO  o.e.m.j.i.AbstractJavaProjectConfigurator - Adding resource folder /roth-lib-java-api-google/src/test/resources
2015-10-21 14:49:17,294 [Worker-136] INFO  o.e.m.j.i.AbstractJavaProjectConfigurator - Adding source folder /roth-lib-java-api-linode/src/main/java
2015-10-21 14:49:17,294 [Worker-136] INFO  o.e.m.j.i.AbstractJavaProjectConfigurator - Adding resource folder /roth-lib-java-api-linode/src/main/resources
2015-10-21 14:49:17,294 [Worker-136] INFO  o.e.m.j.i.AbstractJavaProjectConfigurator - Adding source folder /roth-lib-java-api-linode/src/test/java
2015-10-21 14:49:17,294 [Worker-136] INFO  o.e.m.j.i.AbstractJavaProjectConfigurator - Adding resource folder /roth-lib-java-api-linode/src/test/resources
2015-10-21 14:49:17,319 [Worker-136] INFO  o.e.m.j.i.AbstractJavaProjectConfigurator - Adding source folder /roth-lib-java-api-namecheap/src/main/java
2015-10-21 14:49:17,319 [Worker-136] INFO  o.e.m.j.i.AbstractJavaProjectConfigurator - Adding resource folder /roth-lib-java-api-namecheap/src/main/resources
2015-10-21 14:49:17,320 [Worker-136] INFO  o.e.m.j.i.AbstractJavaProjectConfigurator - Adding source folder /roth-lib-java-api-namecheap/src/test/java
2015-10-21 14:49:17,320 [Worker-136] INFO  o.e.m.j.i.AbstractJavaProjectConfigurator - Adding resource folder /roth-lib-java-api-namecheap/src/test/resources
2015-10-21 14:49:17,353 [Worker-136] INFO  o.e.m.j.i.AbstractJavaProjectConfigurator - Adding source folder /roth-lib-java-api-rackspace/src/main/java
2015-10-21 14:49:17,353 [Worker-136] INFO  o.e.m.j.i.AbstractJavaProjectConfigurator - Adding resource folder /roth-lib-java-api-rackspace/src/main/resources
2015-10-21 14:49:17,353 [Worker-136] INFO  o.e.m.j.i.AbstractJavaProjectConfigurator - Adding source folder /roth-lib-java-api-rackspace/src/test/java
2015-10-21 14:49:17,353 [Worker-136] INFO  o.e.m.j.i.AbstractJavaProjectConfigurator - Adding resource folder /roth-lib-java-api-rackspace/src/test/resources
2015-10-21 14:49:17,379 [Worker-136] INFO  o.e.m.j.i.AbstractJavaProjectConfigurator - Adding source folder /roth-lib-java-api-twilio/src/main/java
2015-10-21 14:49:17,379 [Worker-136] INFO  o.e.m.j.i.AbstractJavaProjectConfigurator - Adding resource folder /roth-lib-java-api-twilio/src/main/resources
2015-10-21 14:49:17,380 [Worker-136] INFO  o.e.m.j.i.AbstractJavaProjectConfigurator - Adding source folder /roth-lib-java-api-twilio/src/test/java
2015-10-21 14:49:17,380 [Worker-136] INFO  o.e.m.j.i.AbstractJavaProjectConfigurator - Adding resource folder /roth-lib-java-api-twilio/src/test/resources
2015-10-21 14:49:17,404 [Worker-136] INFO  o.e.m.j.i.AbstractJavaProjectConfigurator - Adding source folder /roth-lib-java-api-vultr/src/main/java
2015-10-21 14:49:17,405 [Worker-136] INFO  o.e.m.j.i.AbstractJavaProjectConfigurator - Adding resource folder /roth-lib-java-api-vultr/src/main/resources
2015-10-21 14:49:17,405 [Worker-136] INFO  o.e.m.j.i.AbstractJavaProjectConfigurator - Adding source folder /roth-lib-java-api-vultr/src/test/java
2015-10-21 14:49:17,406 [Worker-136] INFO  o.e.m.j.i.AbstractJavaProjectConfigurator - Adding resource folder /roth-lib-java-api-vultr/src/test/resources
2015-10-21 14:49:17,836 [Worker-136] INFO  o.e.m.c.i.p.ProjectConfigurationManager - Update completed: 1 sec
2015-10-21 14:49:18,023 [Worker-137] INFO  o.e.m.c.i.embedder.EclipseLogger - Using 'UTF-8' encoding to copy filtered resources.
2015-10-21 14:49:18,024 [Worker-137] INFO  o.e.m.c.i.embedder.EclipseLogger - Copying 0 resource
2015-10-21 14:49:18,026 [Worker-137] INFO  o.e.m.c.i.embedder.EclipseLogger - Using 'UTF-8' encoding to copy filtered resources.
2015-10-21 14:49:18,026 [Worker-137] INFO  o.e.m.c.i.embedder.EclipseLogger - Copying 0 resource
2015-10-21 14:49:19,120 [Worker-137] INFO  o.e.m.c.i.embedder.EclipseLogger - Using 'UTF-8' encoding to copy filtered resources.
2015-10-21 14:49:19,120 [Worker-137] INFO  o.e.m.c.i.embedder.EclipseLogger - Copying 0 resource
2015-10-21 14:49:19,121 [Worker-137] INFO  o.e.m.c.i.embedder.EclipseLogger - Using 'UTF-8' encoding to copy filtered resources.
2015-10-21 14:49:19,121 [Worker-137] INFO  o.e.m.c.i.embedder.EclipseLogger - Copying 0 resource
2015-10-21 14:49:19,426 [Worker-137] INFO  o.e.m.c.i.embedder.EclipseLogger - Using 'UTF-8' encoding to copy filtered resources.
2015-10-21 14:49:19,427 [Worker-137] INFO  o.e.m.c.i.embedder.EclipseLogger - Copying 0 resource
2015-10-21 14:49:19,427 [Worker-137] INFO  o.e.m.c.i.embedder.EclipseLogger - Using 'UTF-8' encoding to copy filtered resources.
2015-10-21 14:49:19,428 [Worker-137] INFO  o.e.m.c.i.embedder.EclipseLogger - Copying 0 resource
2015-10-21 14:49:19,458 [Worker-137] INFO  o.e.m.c.i.embedder.EclipseLogger - Using 'UTF-8' encoding to copy filtered resources.
2015-10-21 14:49:19,458 [Worker-137] INFO  o.e.m.c.i.embedder.EclipseLogger - Copying 0 resource
2015-10-21 14:49:19,459 [Worker-137] INFO  o.e.m.c.i.embedder.EclipseLogger - Using 'UTF-8' encoding to copy filtered resources.
2015-10-21 14:49:19,460 [Worker-137] INFO  o.e.m.c.i.embedder.EclipseLogger - Copying 0 resource
2015-10-21 14:49:19,489 [Worker-137] INFO  o.e.m.c.i.embedder.EclipseLogger - Using 'UTF-8' encoding to copy filtered resources.
2015-10-21 14:49:19,489 [Worker-137] INFO  o.e.m.c.i.embedder.EclipseLogger - Copying 0 resource
2015-10-21 14:49:19,490 [Worker-137] INFO  o.e.m.c.i.embedder.EclipseLogger - Using 'UTF-8' encoding to copy filtered resources.
2015-10-21 14:49:19,490 [Worker-137] INFO  o.e.m.c.i.embedder.EclipseLogger - Copying 0 resource
2015-10-21 14:49:19,956 [Worker-137] INFO  o.e.m.c.i.embedder.EclipseLogger - Using 'UTF-8' encoding to copy filtered resources.
2015-10-21 14:49:19,956 [Worker-137] INFO  o.e.m.c.i.embedder.EclipseLogger - Copying 0 resource
2015-10-21 14:49:19,957 [Worker-137] INFO  o.e.m.c.i.embedder.EclipseLogger - Using 'UTF-8' encoding to copy filtered resources.
2015-10-21 14:49:19,958 [Worker-137] INFO  o.e.m.c.i.embedder.EclipseLogger - Copying 0 resource
2015-10-21 14:49:19,992 [Worker-137] INFO  o.e.m.c.i.embedder.EclipseLogger - Using 'UTF-8' encoding to copy filtered resources.
2015-10-21 14:49:19,992 [Worker-137] INFO  o.e.m.c.i.embedder.EclipseLogger - Copying 0 resource
2015-10-21 14:49:19,993 [Worker-137] INFO  o.e.m.c.i.embedder.EclipseLogger - Using 'UTF-8' encoding to copy filtered resources.
2015-10-21 14:49:19,994 [Worker-137] INFO  o.e.m.c.i.embedder.EclipseLogger - Copying 0 resource
2015-10-21 14:49:20,165 [Worker-137] INFO  o.e.m.c.i.embedder.EclipseLogger - Using 'UTF-8' encoding to copy filtered resources.
2015-10-21 14:49:20,165 [Worker-137] INFO  o.e.m.c.i.embedder.EclipseLogger - Copying 0 resource
2015-10-21 14:49:20,168 [Worker-137] INFO  o.e.m.c.i.embedder.EclipseLogger - Using 'UTF-8' encoding to copy filtered resources.
2015-10-21 14:49:20,168 [Worker-137] INFO  o.e.m.c.i.embedder.EclipseLogger - Copying 0 resource
2015-10-21 14:49:20,322 [Worker-137] INFO  o.e.m.c.i.embedder.EclipseLogger - Using 'UTF-8' encoding to copy filtered resources.
2015-10-21 14:49:20,322 [Worker-137] INFO  o.e.m.c.i.embedder.EclipseLogger - Copying 0 resource
2015-10-21 14:49:20,324 [Worker-137] INFO  o.e.m.c.i.embedder.EclipseLogger - Using 'UTF-8' encoding to copy filtered resources.
2015-10-21 14:49:20,324 [Worker-137] INFO  o.e.m.c.i.embedder.EclipseLogger - Copying 0 resource
2015-10-21 14:49:20,397 [Worker-137] INFO  o.e.m.c.i.embedder.EclipseLogger - Using 'UTF-8' encoding to copy filtered resources.
2015-10-21 14:49:20,397 [Worker-137] INFO  o.e.m.c.i.embedder.EclipseLogger - Copying 0 resource
2015-10-21 14:49:20,398 [Worker-137] INFO  o.e.m.c.i.embedder.EclipseLogger - Using 'UTF-8' encoding to copy filtered resources.
2015-10-21 14:49:20,398 [Worker-137] INFO  o.e.m.c.i.embedder.EclipseLogger - Copying 0 resource
2015-10-22 13:18:50,107 [Worker-900] INFO  o.e.m.c.i.embedder.EclipseLogger - Using 'UTF-8' encoding to copy filtered resources.
2015-10-22 13:18:50,113 [Worker-900] INFO  o.e.m.c.i.embedder.EclipseLogger - Copying 0 resource
2015-10-22 13:18:50,114 [Worker-900] INFO  o.e.m.c.i.embedder.EclipseLogger - Using 'UTF-8' encoding to copy filtered resources.
2015-10-22 13:18:50,114 [Worker-900] INFO  o.e.m.c.i.embedder.EclipseLogger - Copying 0 resource
2015-10-22 13:18:50,500 [Worker-900] INFO  o.e.m.c.i.embedder.EclipseLogger - Using 'UTF-8' encoding to copy filtered resources.
2015-10-22 13:18:50,500 [Worker-900] INFO  o.e.m.c.i.embedder.EclipseLogger - Copying 0 resource
2015-10-22 13:18:50,502 [Worker-900] INFO  o.e.m.c.i.embedder.EclipseLogger - Using 'UTF-8' encoding to copy filtered resources.
2015-10-22 13:18:50,502 [Worker-900] INFO  o.e.m.c.i.embedder.EclipseLogger - Copying 0 resource
2015-10-22 13:18:50,707 [Worker-900] INFO  o.e.m.c.i.embedder.EclipseLogger - Using 'UTF-8' encoding to copy filtered resources.
2015-10-22 13:18:50,708 [Worker-900] INFO  o.e.m.c.i.embedder.EclipseLogger - Copying 0 resource
2015-10-22 13:18:50,709 [Worker-900] INFO  o.e.m.c.i.embedder.EclipseLogger - Using 'UTF-8' encoding to copy filtered resources.
2015-10-22 13:18:50,709 [Worker-900] INFO  o.e.m.c.i.embedder.EclipseLogger - Copying 0 resource
2015-10-22 13:18:50,738 [Worker-900] INFO  o.e.m.c.i.embedder.EclipseLogger - Using 'UTF-8' encoding to copy filtered resources.
2015-10-22 13:18:50,739 [Worker-900] INFO  o.e.m.c.i.embedder.EclipseLogger - Copying 0 resource
2015-10-22 13:18:50,740 [Worker-900] INFO  o.e.m.c.i.embedder.EclipseLogger - Using 'UTF-8' encoding to copy filtered resources.
2015-10-22 13:18:50,740 [Worker-900] INFO  o.e.m.c.i.embedder.EclipseLogger - Copying 0 resource
2015-10-22 13:18:50,769 [Worker-900] INFO  o.e.m.c.i.embedder.EclipseLogger - Using 'UTF-8' encoding to copy filtered resources.
2015-10-22 13:18:50,769 [Worker-900] INFO  o.e.m.c.i.embedder.EclipseLogger - Copying 0 resource
2015-10-22 13:18:50,770 [Worker-900] INFO  o.e.m.c.i.embedder.EclipseLogger - Using 'UTF-8' encoding to copy filtered resources.
2015-10-22 13:18:50,770 [Worker-900] INFO  o.e.m.c.i.embedder.EclipseLogger - Copying 0 resource
2015-10-22 13:18:51,088 [Worker-900] INFO  o.e.m.c.i.embedder.EclipseLogger - Using 'UTF-8' encoding to copy filtered resources.
2015-10-22 13:18:51,088 [Worker-900] INFO  o.e.m.c.i.embedder.EclipseLogger - Copying 0 resource
2015-10-22 13:18:51,089 [Worker-900] INFO  o.e.m.c.i.embedder.EclipseLogger - Using 'UTF-8' encoding to copy filtered resources.
2015-10-22 13:18:51,090 [Worker-900] INFO  o.e.m.c.i.embedder.EclipseLogger - Copying 0 resource
2015-10-22 13:18:51,124 [Worker-900] INFO  o.e.m.c.i.embedder.EclipseLogger - Using 'UTF-8' encoding to copy filtered resources.
2015-10-22 13:18:51,125 [Worker-900] INFO  o.e.m.c.i.embedder.EclipseLogger - Copying 0 resource
2015-10-22 13:18:51,125 [Worker-900] INFO  o.e.m.c.i.embedder.EclipseLogger - Using 'UTF-8' encoding to copy filtered resources.
2015-10-22 13:18:51,126 [Worker-900] INFO  o.e.m.c.i.embedder.EclipseLogger - Copying 0 resource
2015-10-22 13:18:51,221 [Worker-900] INFO  o.e.m.c.i.embedder.EclipseLogger - Using 'UTF-8' encoding to copy filtered resources.
2015-10-22 13:18:51,221 [Worker-900] INFO  o.e.m.c.i.embedder.EclipseLogger - Copying 0 resource
2015-10-22 13:18:51,224 [Worker-900] INFO  o.e.m.c.i.embedder.EclipseLogger - Using 'UTF-8' encoding to copy filtered resources.
2015-10-22 13:18:51,224 [Worker-900] INFO  o.e.m.c.i.embedder.EclipseLogger - Copying 0 resource
2015-10-22 13:18:51,309 [Worker-900] INFO  o.e.m.c.i.embedder.EclipseLogger - Using 'UTF-8' encoding to copy filtered resources.
2015-10-22 13:18:51,310 [Worker-900] INFO  o.e.m.c.i.embedder.EclipseLogger - Copying 0 resource
2015-10-22 13:18:51,310 [Worker-900] INFO  o.e.m.c.i.embedder.EclipseLogger - Using 'UTF-8' encoding to copy filtered resources.
2015-10-22 13:18:51,311 [Worker-900] INFO  o.e.m.c.i.embedder.EclipseLogger - Copying 0 resource
2015-10-22 13:18:51,374 [Worker-900] INFO  o.e.m.c.i.embedder.EclipseLogger - Using 'UTF-8' encoding to copy filtered resources.
2015-10-22 13:18:51,374 [Worker-900] INFO  o.e.m.c.i.embedder.EclipseLogger - Copying 0 resource
2015-10-22 13:18:51,375 [Worker-900] INFO  o.e.m.c.i.embedder.EclipseLogger - Using 'UTF-8' encoding to copy filtered resources.
2015-10-22 13:18:51,375 [Worker-900] INFO  o.e.m.c.i.embedder.EclipseLogger - Copying 0 resource
